#
# There is insufficient memory for the Java Runtime Environment to continue.
# Native memory allocation (malloc) failed to allocate 141616 bytes for Chunk::new
# Possible reasons:
#   The system is out of physical RAM or swap space
#   The process is running with CompressedOops enabled, and the Java Heap may be blocking the growth of the native heap
# Possible solutions:
#   Reduce memory load on the system
#   Increase physical memory or swap space
#   Check if swap backing store is full
#   Decrease Java heap size (-Xmx/-Xms)
#   Decrease number of Java threads
#   Decrease Java thread stack sizes (-Xss)
#   Set larger code cache with -XX:ReservedCodeCacheSize=
#   JVM is running with Unscaled Compressed Oops mode in which the Java heap is
#     placed in the first 4GB address space. The Java Heap base address is the
#     maximum limit for the native heap growth. Please use -XX:HeapBaseMinAddress
#     to set the Java Heap base and to place the Java Heap above 4GB virtual address.
# This output file may be truncated or incomplete.
#
#  Out of Memory Error (t:/workspace/open/src/hotspot/share/memory/arena.cpp:197), pid=5520, tid=11244
#
# JRE version: Java(TM) SE Runtime Environment (12.0.2+10) (build 12.0.2+10)
# Java VM: Java HotSpot(TM) 64-Bit Server VM (12.0.2+10, mixed mode, sharing, tiered, compressed oops, g1 gc, windows-amd64)
# No core dump will be written. Minidumps are not enabled by default on client versions of Windows
#

---------------  S U M M A R Y ------------

Command Line: --add-opens=java.base/java.util=ALL-UNNAMED --add-opens=java.base/java.lang=ALL-UNNAMED --add-opens=java.base/java.lang.invoke=ALL-UNNAMED --add-opens=java.prefs/java.util.prefs=ALL-UNNAMED -XX:MaxMetaspaceSize=256m -XX:+HeapDumpOnOutOfMemoryError -Xms256m -Xmx512m -Dfile.encoding=windows-1252 -Duser.country=IN -Duser.language=en -Duser.variant org.gradle.launcher.daemon.bootstrap.GradleDaemon 5.3.1

Host: Intel(R) Core(TM) i7-7700HQ CPU @ 2.80GHz, 8 cores, 7G,  Windows 10 , 64 bit Build 18362 (10.0.18362.329)
Time: Thu Apr  9 11:16:03 2020 Bangladesh Standard Time elapsed time: 293 seconds (0d 0h 4m 53s)

---------------  T H R E A D  ---------------

Current thread (0x000001acc8bbd000):  JavaThread "C2 CompilerThread0" daemon [_thread_in_native, id=11244, stack(0x000000a385800000,0x000000a385900000)]


Current CompileTask:
C2: 293511 11539       4       com.sun.tools.javac.jvm.ClassReader::readPool (520 bytes)

Stack: [0x000000a385800000,0x000000a385900000]
Native frames: (J=compiled Java code, j=interpreted, Vv=VM code, C=native code)
V  [jvm.dll+0x63aa2a]
V  [jvm.dll+0x78ce1e]
V  [jvm.dll+0x78e4c1]
V  [jvm.dll+0x78eb13]
V  [jvm.dll+0x2627e8]
V  [jvm.dll+0xc55cc]
V  [jvm.dll+0xc5b4c]
V  [jvm.dll+0x6951bb]
V  [jvm.dll+0x1af4c1]
V  [jvm.dll+0x21c312]
V  [jvm.dll+0x21b3da]
V  [jvm.dll+0x199a20]
V  [jvm.dll+0x22a744]
V  [jvm.dll+0x228d98]
V  [jvm.dll+0x7512a0]
V  [jvm.dll+0x74a2c8]
V  [jvm.dll+0x639b16]
C  [ucrtbase.dll+0x20e72]
C  [KERNEL32.DLL+0x17bd4]
C  [ntdll.dll+0x6ced1]


---------------  P R O C E S S  ---------------

Threads class SMR info:
_java_thread_list=0x000001acce3e72e0, length=48, elements={
0x000001acab65a000, 0x000001acc8b9e000, 0x000001acc8b9f000, 0x000001acc8bac800,
0x000001acc8bbc000, 0x000001acc8bbd000, 0x000001acc8bc2000, 0x000001acc8bce000,
0x000001acc966d800, 0x000001acc9671000, 0x000001acca994000, 0x000001accacb8800,
0x000001accaa4e000, 0x000001accad9f800, 0x000001accada0800, 0x000001accad9b800,
0x000001accd141000, 0x000001acce5f2000, 0x000001acce5f5800, 0x000001accd140000,
0x000001acce64a000, 0x000001acce649800, 0x000001acce650000, 0x000001acce5f1800,
0x000001acce5ed000, 0x000001acce5f0800, 0x000001acce5ee000, 0x000001acce5ec800,
0x000001acce5ef000, 0x000001acce5f3000, 0x000001acce5f3800, 0x000001acce5f4800,
0x000001acce5ef800, 0x000001acce64b000, 0x000001acce647000, 0x000001acce645000,
0x000001acce64c000, 0x000001acce647800, 0x000001acce646000, 0x000001acce651800,
0x000001acce650800, 0x000001acce64c800, 0x000001acce64e000, 0x000001acce64f000,
0x000001acce654000, 0x000001accd134000, 0x000001accd137000, 0x000001accd138000
}

Java Threads: ( => current thread )
  0x000001acab65a000 JavaThread "main" [_thread_blocked, id=14568, stack(0x000000a384d00000,0x000000a384e00000)]
  0x000001acc8b9e000 JavaThread "Reference Handler" daemon [_thread_blocked, id=5824, stack(0x000000a385400000,0x000000a385500000)]
  0x000001acc8b9f000 JavaThread "Finalizer" daemon [_thread_blocked, id=2128, stack(0x000000a385500000,0x000000a385600000)]
  0x000001acc8bac800 JavaThread "Signal Dispatcher" daemon [_thread_blocked, id=14980, stack(0x000000a385600000,0x000000a385700000)]
  0x000001acc8bbc000 JavaThread "Attach Listener" daemon [_thread_blocked, id=11020, stack(0x000000a385700000,0x000000a385800000)]
=>0x000001acc8bbd000 JavaThread "C2 CompilerThread0" daemon [_thread_in_native, id=11244, stack(0x000000a385800000,0x000000a385900000)]
  0x000001acc8bc2000 JavaThread "C1 CompilerThread0" daemon [_thread_blocked, id=11012, stack(0x000000a385900000,0x000000a385a00000)]
  0x000001acc8bce000 JavaThread "Sweeper thread" daemon [_thread_blocked, id=13568, stack(0x000000a385a00000,0x000000a385b00000)]
  0x000001acc966d800 JavaThread "Common-Cleaner" daemon [_thread_blocked, id=10968, stack(0x000000a385b00000,0x000000a385c00000)]
  0x000001acc9671000 JavaThread "Service Thread" daemon [_thread_blocked, id=7336, stack(0x000000a385c00000,0x000000a385d00000)]
  0x000001acca994000 JavaThread "Daemon health stats" [_thread_blocked, id=9136, stack(0x000000a386400000,0x000000a386500000)]
  0x000001accacb8800 JavaThread "Incoming local TCP Connector on port 51154" [_thread_in_native, id=9144, stack(0x000000a385e00000,0x000000a385f00000)]
  0x000001accaa4e000 JavaThread "Daemon periodic checks" [_thread_blocked, id=11212, stack(0x000000a386500000,0x000000a386600000)]
  0x000001accad9f800 JavaThread "Cache worker for file hash cache (C:\Users\Asus\.gradle\caches\5.3.1\fileHashes)" [_thread_blocked, id=7904, stack(0x000000a386d00000,0x000000a386e00000)]
  0x000001accada0800 JavaThread "File lock request listener" [_thread_in_native, id=3700, stack(0x000000a386e00000,0x000000a386f00000)]
  0x000001accad9b800 JavaThread "Cache worker for journal cache (C:\Users\Asus\.gradle\caches\journal-1)" [_thread_blocked, id=13900, stack(0x000000a386f00000,0x000000a387000000)]
  0x000001accd141000 JavaThread "Cache worker for execution history cache (C:\Users\Asus\.gradle\caches\5.3.1\executionHistory)" [_thread_blocked, id=1328, stack(0x000000a387700000,0x000000a387800000)]
  0x000001acce5f2000 JavaThread "Memory manager" [_thread_blocked, id=13980, stack(0x000000a387800000,0x000000a387900000)]
  0x000001acce5f5800 JavaThread "Cache worker for file content cache (C:\Users\Asus\.gradle\caches\5.3.1\fileContent)" [_thread_blocked, id=7888, stack(0x000000a387900000,0x000000a387a00000)]
  0x000001accd140000 JavaThread "Cache worker for Java compile cache (C:\Users\Asus\.gradle\caches\5.3.1\javaCompile)" [_thread_blocked, id=5268, stack(0x000000a388700000,0x000000a388800000)]
  0x000001acce64a000 JavaThread "Daemon Thread 3" [_thread_blocked, id=13492, stack(0x000000a384a00000,0x000000a384b00000)]
  0x000001acce649800 JavaThread "Daemon worker Thread 3" [_thread_in_Java, id=4956, stack(0x000000a386600000,0x000000a386700000)]
  0x000001acce650000 JavaThread "C2 CompilerThread1" daemon [_thread_in_native, id=10396, stack(0x000000a387600000,0x000000a387700000)]
  0x000001acce5f1800 JavaThread "Handler for socket connection from /127.0.0.1:51154 to /127.0.0.1:51399" [_thread_in_native, id=7420, stack(0x000000a384b00000,0x000000a384c00000)]
  0x000001acce5ed000 JavaThread "Cancel handler" [_thread_blocked, id=10624, stack(0x000000a384c00000,0x000000a384d00000)]
  0x000001acce5f0800 JavaThread "Asynchronous log dispatcher for DefaultDaemonConnection: socket connection from /127.0.0.1:51154 to /127.0.0.1:51399" [_thread_blocked, id=7872, stack(0x000000a386900000,0x000000a386a00000)]
  0x000001acce5ee000 JavaThread "Stdin handler" [_thread_blocked, id=8544, stack(0x000000a386a00000,0x000000a386b00000)]
  0x000001acce5ec800 JavaThread "Thread-169" [_thread_blocked, id=14044, stack(0x000000a386b00000,0x000000a386c00000)]
  0x000001acce5ef000 JavaThread "Cache worker for file hash cache (C:\Users\Asus\IdeaProjects\Simple Chatty Bot\.gradle\5.3.1\fileHashes)" [_thread_blocked, id=13612, stack(0x000000a386c00000,0x000000a386d00000)]
  0x000001acce5f3000 JavaThread "Cache worker for cache directory md-supplier (C:\Users\Asus\.gradle\caches\5.3.1\md-supplier)" [_thread_blocked, id=3000, stack(0x000000a387000000,0x000000a387100000)]
  0x000001acce5f3800 JavaThread "Cache worker for cache directory md-rule (C:\Users\Asus\.gradle\caches\5.3.1\md-rule)" [_thread_blocked, id=2996, stack(0x000000a387100000,0x000000a387200000)]
  0x000001acce5f4800 JavaThread "Cache worker for Build Output Cleanup Cache (C:\Users\Asus\IdeaProjects\Simple Chatty Bot\.gradle\buildOutputCleanup)" [_thread_blocked, id=4552, stack(0x000000a387200000,0x000000a387300000)]
  0x000001acce5ef800 JavaThread "Cache worker for file content cache (C:\Users\Asus\IdeaProjects\Simple Chatty Bot\.gradle\5.3.1\fileContent)" [_thread_blocked, id=2796, stack(0x000000a387a00000,0x000000a387b00000)]
  0x000001acce64b000 JavaThread "Cache worker for execution history cache (C:\Users\Asus\IdeaProjects\Simple Chatty Bot\.gradle\5.3.1\executionHistory)" [_thread_blocked, id=13476, stack(0x000000a388200000,0x000000a388300000)]
  0x000001acce647000 JavaThread "Build operations" [_thread_blocked, id=4212, stack(0x000000a388300000,0x000000a388400000)]
  0x000001acce645000 JavaThread "Build operations Thread 2" [_thread_blocked, id=2216, stack(0x000000a388400000,0x000000a388500000)]
  0x000001acce64c000 JavaThread "Build operations Thread 3" [_thread_blocked, id=11132, stack(0x000000a388500000,0x000000a388600000)]
  0x000001acce647800 JavaThread "Cache worker for Java compile cache (C:\Users\Asus\IdeaProjects\Simple Chatty Bot\.gradle\5.3.1\javaCompile)" [_thread_blocked, id=8988, stack(0x000000a388600000,0x000000a388700000)]
  0x000001acce646000 JavaThread "Build operations Thread 4" [_thread_blocked, id=15356, stack(0x000000a388800000,0x000000a388900000)]
  0x000001acce651800 JavaThread "Build operations Thread 5" [_thread_blocked, id=8928, stack(0x000000a388900000,0x000000a388a00000)]
  0x000001acce650800 JavaThread "Build operations Thread 6" [_thread_blocked, id=6184, stack(0x000000a388a00000,0x000000a388b00000)]
  0x000001acce64c800 JavaThread "C2 CompilerThread2" daemon [_thread_in_native, id=1392, stack(0x000000a388b00000,0x000000a388c00000)]
  0x000001acce64e000 JavaThread "Build operations Thread 7" [_thread_blocked, id=14284, stack(0x000000a388c00000,0x000000a388d00000)]
  0x000001acce64f000 JavaThread "Build operations Thread 8" [_thread_blocked, id=2292, stack(0x000000a388d00000,0x000000a388e00000)]
  0x000001acce654000 JavaThread "Exec process Thread 5" [_thread_blocked, id=2104, stack(0x000000a389100000,0x000000a389200000)]
  0x000001accd134000 JavaThread "Exec process Thread 6" [_thread_blocked, id=2844, stack(0x000000a389300000,0x000000a389400000)]
  0x000001accd137000 JavaThread "Exec process Thread 7" [_thread_blocked, id=14104, stack(0x000000a389400000,0x000000a389500000)]
  0x000001accd138000 JavaThread "Exec process Thread 8" [_thread_blocked, id=2820, stack(0x000000a389500000,0x000000a389600000)]

Other Threads:
  0x000001acc8b9c000 VMThread "VM Thread" [stack: 0x000000a385300000,0x000000a385400000] [id=2012]
  0x000001acc9676000 WatcherThread [stack: 0x000000a385d00000,0x000000a385e00000] [id=11000]
  0x000001acab821000 GCTaskThread "GC Thread#0" [stack: 0x000000a384e00000,0x000000a384f00000] [id=14608]
  0x000001acc9fb5800 GCTaskThread "GC Thread#1" [stack: 0x000000a385f00000,0x000000a386000000] [id=9316]
  0x000001acc9f8c000 GCTaskThread "GC Thread#2" [stack: 0x000000a386000000,0x000000a386100000] [id=11224]
  0x000001acc9f8c800 GCTaskThread "GC Thread#3" [stack: 0x000000a386100000,0x000000a386200000] [id=1420]
  0x000001acca322800 GCTaskThread "GC Thread#4" [stack: 0x000000a386200000,0x000000a386300000] [id=10120]
  0x000001acca323000 GCTaskThread "GC Thread#5" [stack: 0x000000a386300000,0x000000a386400000] [id=10992]
  0x000001accbaa4800 GCTaskThread "GC Thread#6" [stack: 0x000000a387300000,0x000000a387400000] [id=1308]
  0x000001accadb0000 GCTaskThread "GC Thread#7" [stack: 0x000000a387400000,0x000000a387500000] [id=12856]
  0x000001acab825800 ConcurrentGCThread "G1 Main Marker" [stack: 0x000000a384f00000,0x000000a385000000] [id=7956]
  0x000001acab827800 ConcurrentGCThread "G1 Conc#0" [stack: 0x000000a385000000,0x000000a385100000] [id=7796]
  0x000001accbec5000 ConcurrentGCThread "G1 Conc#1" [stack: 0x000000a387500000,0x000000a387600000] [id=13676]
  0x000001acc8a46800 ConcurrentGCThread "G1 Refine#0" [stack: 0x000000a385100000,0x000000a385200000] [id=10244]
  0x000001acc8a47800 ConcurrentGCThread "G1 Young RemSet Sampling" [stack: 0x000000a385200000,0x000000a385300000] [id=10984]

Threads with active compile tasks:
C2 CompilerThread0  11539       4       com.sun.tools.javac.jvm.ClassReader::readPool (520 bytes)
C2 CompilerThread1  11844       4       java.security.MessageDigest$Delegate::engineUpdate (11 bytes)
C2 CompilerThread2  11637 % !   4       java.util.jar.Attributes::read @ 244 (526 bytes)

VM state:not at safepoint (normal execution)

VM Mutex/Monitor currently owned by a thread: None

Heap address: 0x00000000e0000000, size: 512 MB, Compressed Oops mode: 32-bit
Narrow klass base: 0x0000000800000000, Narrow klass shift: 3
Compressed class space size: 260046848 Address: 0x0000000801190000

Heap:
 garbage-first heap   total 262144K, used 111219K [0x00000000e0000000, 0x0000000100000000)
  region size 1024K, 51 young (52224K), 5 survivors (5120K)
 Metaspace       used 71099K, capacity 73466K, committed 73684K, reserved 319488K
  class space    used 9236K, capacity 9973K, committed 9984K, reserved 253952K
Heap Regions: E=young(eden), S=young(survivor), O=old, HS=humongous(starts), HC=humongous(continues), CS=collection set, F=free, A=archive, TAMS=top-at-mark-start (previous, next)
|   0|0x00000000e0000000, 0x00000000e0100000, 0x00000000e0100000|100%| O|  |TAMS 0x00000000e0100000, 0x00000000e0000000| Untracked 
|   1|0x00000000e0100000, 0x00000000e0200000, 0x00000000e0200000|100%| O|  |TAMS 0x00000000e0200000, 0x00000000e0100000| Untracked 
|   2|0x00000000e0200000, 0x00000000e0300000, 0x00000000e0300000|100%|HS|  |TAMS 0x00000000e0300000, 0x00000000e0200000| Complete 
|   3|0x00000000e0300000, 0x00000000e0400000, 0x00000000e0400000|100%|HS|  |TAMS 0x00000000e0400000, 0x00000000e0300000| Complete 
|   4|0x00000000e0400000, 0x00000000e0500000, 0x00000000e0500000|100%|HC|  |TAMS 0x00000000e0500000, 0x00000000e0400000| Complete 
|   5|0x00000000e0500000, 0x00000000e0600000, 0x00000000e0600000|100%| O|  |TAMS 0x00000000e0600000, 0x00000000e0500000| Untracked 
|   6|0x00000000e0600000, 0x00000000e0700000, 0x00000000e0700000|100%| O|  |TAMS 0x00000000e0700000, 0x00000000e0600000| Untracked 
|   7|0x00000000e0700000, 0x00000000e0800000, 0x00000000e0800000|100%|HS|  |TAMS 0x00000000e0800000, 0x00000000e0700000| Complete 
|   8|0x00000000e0800000, 0x00000000e0900000, 0x00000000e0900000|100%|HC|  |TAMS 0x00000000e0900000, 0x00000000e0800000| Complete 
|   9|0x00000000e0900000, 0x00000000e0a00000, 0x00000000e0a00000|100%| O|  |TAMS 0x00000000e0a00000, 0x00000000e0900000| Untracked 
|  10|0x00000000e0a00000, 0x00000000e0b00000, 0x00000000e0b00000|100%| O|  |TAMS 0x00000000e0b00000, 0x00000000e0a00000| Untracked 
|  11|0x00000000e0b00000, 0x00000000e0c00000, 0x00000000e0c00000|100%| O|  |TAMS 0x00000000e0c00000, 0x00000000e0b00000| Untracked 
|  12|0x00000000e0c00000, 0x00000000e0d00000, 0x00000000e0d00000|100%| O|  |TAMS 0x00000000e0d00000, 0x00000000e0c00000| Untracked 
|  13|0x00000000e0d00000, 0x00000000e0e00000, 0x00000000e0e00000|100%| O|  |TAMS 0x00000000e0e00000, 0x00000000e0d00000| Untracked 
|  14|0x00000000e0e00000, 0x00000000e0f00000, 0x00000000e0f00000|100%| O|  |TAMS 0x00000000e0f00000, 0x00000000e0e00000| Untracked 
|  15|0x00000000e0f00000, 0x00000000e1000000, 0x00000000e1000000|100%| O|  |TAMS 0x00000000e1000000, 0x00000000e0f00000| Untracked 
|  16|0x00000000e1000000, 0x00000000e1100000, 0x00000000e1100000|100%| O|  |TAMS 0x00000000e1100000, 0x00000000e1000000| Untracked 
|  17|0x00000000e1100000, 0x00000000e1200000, 0x00000000e1200000|100%| O|  |TAMS 0x00000000e1200000, 0x00000000e1100000| Untracked 
|  18|0x00000000e1200000, 0x00000000e1300000, 0x00000000e1300000|100%| O|  |TAMS 0x00000000e1300000, 0x00000000e1200000| Untracked 
|  19|0x00000000e1300000, 0x00000000e1400000, 0x00000000e1400000|100%| O|  |TAMS 0x00000000e1400000, 0x00000000e1300000| Untracked 
|  20|0x00000000e1400000, 0x00000000e1500000, 0x00000000e1500000|100%| O|  |TAMS 0x00000000e1500000, 0x00000000e1400000| Untracked 
|  21|0x00000000e1500000, 0x00000000e1600000, 0x00000000e1600000|100%|HS|  |TAMS 0x00000000e1600000, 0x00000000e1500000| Complete 
|  22|0x00000000e1600000, 0x00000000e1700000, 0x00000000e1700000|100%|HC|  |TAMS 0x00000000e1700000, 0x00000000e1600000| Complete 
|  23|0x00000000e1700000, 0x00000000e1800000, 0x00000000e1800000|100%|HC|  |TAMS 0x00000000e1800000, 0x00000000e1700000| Complete 
|  24|0x00000000e1800000, 0x00000000e1900000, 0x00000000e1900000|100%|HS|  |TAMS 0x00000000e1900000, 0x00000000e1800000| Complete 
|  25|0x00000000e1900000, 0x00000000e1a00000, 0x00000000e1a00000|100%|HC|  |TAMS 0x00000000e1a00000, 0x00000000e1900000| Complete 
|  26|0x00000000e1a00000, 0x00000000e1b00000, 0x00000000e1b00000|100%|HC|  |TAMS 0x00000000e1b00000, 0x00000000e1a00000| Complete 
|  27|0x00000000e1b00000, 0x00000000e1c00000, 0x00000000e1c00000|100%|HC|  |TAMS 0x00000000e1c00000, 0x00000000e1b00000| Complete 
|  28|0x00000000e1c00000, 0x00000000e1d00000, 0x00000000e1d00000|100%| O|  |TAMS 0x00000000e1d00000, 0x00000000e1c00000| Untracked 
|  29|0x00000000e1d00000, 0x00000000e1e00000, 0x00000000e1e00000|100%| O|  |TAMS 0x00000000e1e00000, 0x00000000e1d00000| Untracked 
|  30|0x00000000e1e00000, 0x00000000e1f00000, 0x00000000e1f00000|100%| O|  |TAMS 0x00000000e1f00000, 0x00000000e1e00000| Untracked 
|  31|0x00000000e1f00000, 0x00000000e2000000, 0x00000000e2000000|100%| O|  |TAMS 0x00000000e2000000, 0x00000000e1f00000| Untracked 
|  32|0x00000000e2000000, 0x00000000e2100000, 0x00000000e2100000|100%| O|  |TAMS 0x00000000e2100000, 0x00000000e2000000| Untracked 
|  33|0x00000000e2100000, 0x00000000e2200000, 0x00000000e2200000|100%| O|  |TAMS 0x00000000e2200000, 0x00000000e2100000| Untracked 
|  34|0x00000000e2200000, 0x00000000e2300000, 0x00000000e2300000|100%| O|  |TAMS 0x00000000e2300000, 0x00000000e2200000| Untracked 
|  35|0x00000000e2300000, 0x00000000e2400000, 0x00000000e2400000|100%| O|  |TAMS 0x00000000e2400000, 0x00000000e2300000| Untracked 
|  36|0x00000000e2400000, 0x00000000e2500000, 0x00000000e2500000|100%| O|  |TAMS 0x00000000e2500000, 0x00000000e2400000| Untracked 
|  37|0x00000000e2500000, 0x00000000e2600000, 0x00000000e2600000|100%| O|  |TAMS 0x00000000e2600000, 0x00000000e2500000| Untracked 
|  38|0x00000000e2600000, 0x00000000e2700000, 0x00000000e2700000|100%| O|  |TAMS 0x00000000e2700000, 0x00000000e2600000| Untracked 
|  39|0x00000000e2700000, 0x00000000e2800000, 0x00000000e2800000|100%| O|  |TAMS 0x00000000e2800000, 0x00000000e2700000| Untracked 
|  40|0x00000000e2800000, 0x00000000e2900000, 0x00000000e2900000|100%| O|  |TAMS 0x00000000e2900000, 0x00000000e2800000| Untracked 
|  41|0x00000000e2900000, 0x00000000e2a00000, 0x00000000e2a00000|100%| O|  |TAMS 0x00000000e2a00000, 0x00000000e2900000| Untracked 
|  42|0x00000000e2a00000, 0x00000000e2b00000, 0x00000000e2b00000|100%| O|  |TAMS 0x00000000e2b00000, 0x00000000e2a00000| Untracked 
|  43|0x00000000e2b00000, 0x00000000e2c00000, 0x00000000e2c00000|100%| O|  |TAMS 0x00000000e2bf7000, 0x00000000e2b00000| Untracked 
|  44|0x00000000e2c00000, 0x00000000e2d00000, 0x00000000e2d00000|100%| O|  |TAMS 0x00000000e2c00000, 0x00000000e2c00000| Untracked 
|  45|0x00000000e2d00000, 0x00000000e2e00000, 0x00000000e2e00000|100%| O|  |TAMS 0x00000000e2d00000, 0x00000000e2d00000| Untracked 
|  46|0x00000000e2e00000, 0x00000000e2f00000, 0x00000000e2f00000|100%| O|  |TAMS 0x00000000e2e00000, 0x00000000e2e00000| Untracked 
|  47|0x00000000e2f00000, 0x00000000e3000000, 0x00000000e3000000|100%| O|  |TAMS 0x00000000e2f00000, 0x00000000e2f00000| Untracked 
|  48|0x00000000e3000000, 0x00000000e3100000, 0x00000000e3100000|100%| O|  |TAMS 0x00000000e3000000, 0x00000000e3000000| Untracked 
|  49|0x00000000e3100000, 0x00000000e3200000, 0x00000000e3200000|100%| O|  |TAMS 0x00000000e3100000, 0x00000000e3100000| Untracked 
|  50|0x00000000e3200000, 0x00000000e3300000, 0x00000000e3300000|100%| O|  |TAMS 0x00000000e3200000, 0x00000000e3200000| Untracked 
|  51|0x00000000e3300000, 0x00000000e3400000, 0x00000000e3400000|100%| O|  |TAMS 0x00000000e3300000, 0x00000000e3300000| Untracked 
|  52|0x00000000e3400000, 0x00000000e3500000, 0x00000000e3500000|100%| O|  |TAMS 0x00000000e3400000, 0x00000000e3400000| Untracked 
|  53|0x00000000e3500000, 0x00000000e3600000, 0x00000000e3600000|100%| O|  |TAMS 0x00000000e3500000, 0x00000000e3500000| Untracked 
|  54|0x00000000e3600000, 0x00000000e3700000, 0x00000000e3700000|100%| O|  |TAMS 0x00000000e3600000, 0x00000000e3600000| Untracked 
|  55|0x00000000e3700000, 0x00000000e3800000, 0x00000000e3800000|100%| O|  |TAMS 0x00000000e3700000, 0x00000000e3700000| Untracked 
|  56|0x00000000e3800000, 0x00000000e3900000, 0x00000000e3900000|100%| O|  |TAMS 0x00000000e3800000, 0x00000000e3800000| Untracked 
|  57|0x00000000e3900000, 0x00000000e3a00000, 0x00000000e3a00000|100%| O|  |TAMS 0x00000000e3900000, 0x00000000e3900000| Untracked 
|  58|0x00000000e3a00000, 0x00000000e3b00000, 0x00000000e3b00000|100%| O|  |TAMS 0x00000000e3a00000, 0x00000000e3a00000| Untracked 
|  59|0x00000000e3b00000, 0x00000000e3bd4800, 0x00000000e3c00000| 83%| O|  |TAMS 0x00000000e3b00000, 0x00000000e3b00000| Untracked 
|  60|0x00000000e3c00000, 0x00000000e3c00000, 0x00000000e3d00000|  0%| F|  |TAMS 0x00000000e3c00000, 0x00000000e3c00000| Untracked 
|  61|0x00000000e3d00000, 0x00000000e3d00000, 0x00000000e3e00000|  0%| F|  |TAMS 0x00000000e3d00000, 0x00000000e3d00000| Untracked 
|  62|0x00000000e3e00000, 0x00000000e3e00000, 0x00000000e3f00000|  0%| F|  |TAMS 0x00000000e3e00000, 0x00000000e3e00000| Untracked 
|  63|0x00000000e3f00000, 0x00000000e3f00000, 0x00000000e4000000|  0%| F|  |TAMS 0x00000000e3f00000, 0x00000000e3f00000| Untracked 
|  64|0x00000000e4000000, 0x00000000e4000000, 0x00000000e4100000|  0%| F|  |TAMS 0x00000000e4000000, 0x00000000e4000000| Untracked 
|  65|0x00000000e4100000, 0x00000000e4100000, 0x00000000e4200000|  0%| F|  |TAMS 0x00000000e4100000, 0x00000000e4100000| Untracked 
|  66|0x00000000e4200000, 0x00000000e4200000, 0x00000000e4300000|  0%| F|  |TAMS 0x00000000e4200000, 0x00000000e4200000| Untracked 
|  67|0x00000000e4300000, 0x00000000e4300000, 0x00000000e4400000|  0%| F|  |TAMS 0x00000000e4300000, 0x00000000e4300000| Untracked 
|  68|0x00000000e4400000, 0x00000000e4400000, 0x00000000e4500000|  0%| F|  |TAMS 0x00000000e4400000, 0x00000000e4400000| Untracked 
|  69|0x00000000e4500000, 0x00000000e4500000, 0x00000000e4600000|  0%| F|  |TAMS 0x00000000e4500000, 0x00000000e4500000| Untracked 
|  70|0x00000000e4600000, 0x00000000e4600000, 0x00000000e4700000|  0%| F|  |TAMS 0x00000000e4600000, 0x00000000e4600000| Untracked 
|  71|0x00000000e4700000, 0x00000000e4700000, 0x00000000e4800000|  0%| F|  |TAMS 0x00000000e4700000, 0x00000000e4700000| Untracked 
|  72|0x00000000e4800000, 0x00000000e4800000, 0x00000000e4900000|  0%| F|  |TAMS 0x00000000e4800000, 0x00000000e4800000| Untracked 
|  73|0x00000000e4900000, 0x00000000e4900000, 0x00000000e4a00000|  0%| F|  |TAMS 0x00000000e4900000, 0x00000000e4900000| Untracked 
|  74|0x00000000e4a00000, 0x00000000e4a00000, 0x00000000e4b00000|  0%| F|  |TAMS 0x00000000e4a00000, 0x00000000e4a00000| Untracked 
|  75|0x00000000e4b00000, 0x00000000e4b00000, 0x00000000e4c00000|  0%| F|  |TAMS 0x00000000e4b00000, 0x00000000e4b00000| Untracked 
|  76|0x00000000e4c00000, 0x00000000e4c00000, 0x00000000e4d00000|  0%| F|  |TAMS 0x00000000e4c00000, 0x00000000e4c00000| Untracked 
|  77|0x00000000e4d00000, 0x00000000e4d00000, 0x00000000e4e00000|  0%| F|  |TAMS 0x00000000e4d00000, 0x00000000e4d00000| Untracked 
|  78|0x00000000e4e00000, 0x00000000e4e00000, 0x00000000e4f00000|  0%| F|  |TAMS 0x00000000e4e00000, 0x00000000e4e00000| Untracked 
|  79|0x00000000e4f00000, 0x00000000e4f00000, 0x00000000e5000000|  0%| F|  |TAMS 0x00000000e4f00000, 0x00000000e4f00000| Untracked 
|  80|0x00000000e5000000, 0x00000000e5000000, 0x00000000e5100000|  0%| F|  |TAMS 0x00000000e5000000, 0x00000000e5000000| Untracked 
|  81|0x00000000e5100000, 0x00000000e5100000, 0x00000000e5200000|  0%| F|  |TAMS 0x00000000e5100000, 0x00000000e5100000| Untracked 
|  82|0x00000000e5200000, 0x00000000e5200000, 0x00000000e5300000|  0%| F|  |TAMS 0x00000000e5200000, 0x00000000e5200000| Untracked 
|  83|0x00000000e5300000, 0x00000000e5300000, 0x00000000e5400000|  0%| F|  |TAMS 0x00000000e5300000, 0x00000000e5300000| Untracked 
|  84|0x00000000e5400000, 0x00000000e5400000, 0x00000000e5500000|  0%| F|  |TAMS 0x00000000e5400000, 0x00000000e5400000| Untracked 
|  85|0x00000000e5500000, 0x00000000e5500000, 0x00000000e5600000|  0%| F|  |TAMS 0x00000000e5500000, 0x00000000e5500000| Untracked 
|  86|0x00000000e5600000, 0x00000000e5600000, 0x00000000e5700000|  0%| F|  |TAMS 0x00000000e5600000, 0x00000000e5600000| Untracked 
|  87|0x00000000e5700000, 0x00000000e5700000, 0x00000000e5800000|  0%| F|  |TAMS 0x00000000e5700000, 0x00000000e5700000| Untracked 
|  88|0x00000000e5800000, 0x00000000e5800000, 0x00000000e5900000|  0%| F|  |TAMS 0x00000000e5800000, 0x00000000e5800000| Untracked 
|  89|0x00000000e5900000, 0x00000000e5900000, 0x00000000e5a00000|  0%| F|  |TAMS 0x00000000e5900000, 0x00000000e5900000| Untracked 
|  90|0x00000000e5a00000, 0x00000000e5a00000, 0x00000000e5b00000|  0%| F|  |TAMS 0x00000000e5a00000, 0x00000000e5a00000| Untracked 
|  91|0x00000000e5b00000, 0x00000000e5b00000, 0x00000000e5c00000|  0%| F|  |TAMS 0x00000000e5b00000, 0x00000000e5b00000| Untracked 
|  92|0x00000000e5c00000, 0x00000000e5c00000, 0x00000000e5d00000|  0%| F|  |TAMS 0x00000000e5c00000, 0x00000000e5c00000| Untracked 
|  93|0x00000000e5d00000, 0x00000000e5d00000, 0x00000000e5e00000|  0%| F|  |TAMS 0x00000000e5d00000, 0x00000000e5d00000| Untracked 
|  94|0x00000000e5e00000, 0x00000000e5e00000, 0x00000000e5f00000|  0%| F|  |TAMS 0x00000000e5e00000, 0x00000000e5e00000| Untracked 
|  95|0x00000000e5f00000, 0x00000000e5f00000, 0x00000000e6000000|  0%| F|  |TAMS 0x00000000e5f00000, 0x00000000e5f00000| Untracked 
|  96|0x00000000e6000000, 0x00000000e6000000, 0x00000000e6100000|  0%| F|  |TAMS 0x00000000e6000000, 0x00000000e6000000| Untracked 
|  97|0x00000000e6100000, 0x00000000e6100000, 0x00000000e6200000|  0%| F|  |TAMS 0x00000000e6100000, 0x00000000e6100000| Untracked 
|  98|0x00000000e6200000, 0x00000000e6200000, 0x00000000e6300000|  0%| F|  |TAMS 0x00000000e6200000, 0x00000000e6200000| Untracked 
|  99|0x00000000e6300000, 0x00000000e6300000, 0x00000000e6400000|  0%| F|  |TAMS 0x00000000e6300000, 0x00000000e6300000| Untracked 
| 100|0x00000000e6400000, 0x00000000e6400000, 0x00000000e6500000|  0%| F|  |TAMS 0x00000000e6400000, 0x00000000e6400000| Untracked 
| 101|0x00000000e6500000, 0x00000000e6500000, 0x00000000e6600000|  0%| F|  |TAMS 0x00000000e6500000, 0x00000000e6500000| Untracked 
| 102|0x00000000e6600000, 0x00000000e6600000, 0x00000000e6700000|  0%| F|  |TAMS 0x00000000e6600000, 0x00000000e6600000| Untracked 
| 103|0x00000000e6700000, 0x00000000e6700000, 0x00000000e6800000|  0%| F|  |TAMS 0x00000000e6700000, 0x00000000e6700000| Untracked 
| 104|0x00000000e6800000, 0x00000000e6800000, 0x00000000e6900000|  0%| F|  |TAMS 0x00000000e6800000, 0x00000000e6800000| Untracked 
| 105|0x00000000e6900000, 0x00000000e6900000, 0x00000000e6a00000|  0%| F|  |TAMS 0x00000000e6900000, 0x00000000e6900000| Untracked 
| 106|0x00000000e6a00000, 0x00000000e6a00000, 0x00000000e6b00000|  0%| F|  |TAMS 0x00000000e6a00000, 0x00000000e6a00000| Untracked 
| 107|0x00000000e6b00000, 0x00000000e6b00000, 0x00000000e6c00000|  0%| F|  |TAMS 0x00000000e6b00000, 0x00000000e6b00000| Untracked 
| 108|0x00000000e6c00000, 0x00000000e6c00000, 0x00000000e6d00000|  0%| F|  |TAMS 0x00000000e6c00000, 0x00000000e6c00000| Untracked 
| 109|0x00000000e6d00000, 0x00000000e6d00000, 0x00000000e6e00000|  0%| F|  |TAMS 0x00000000e6d00000, 0x00000000e6d00000| Untracked 
| 110|0x00000000e6e00000, 0x00000000e6e00000, 0x00000000e6f00000|  0%| F|  |TAMS 0x00000000e6e00000, 0x00000000e6e00000| Untracked 
| 111|0x00000000e6f00000, 0x00000000e6f00000, 0x00000000e7000000|  0%| F|  |TAMS 0x00000000e6f00000, 0x00000000e6f00000| Untracked 
| 112|0x00000000e7000000, 0x00000000e7000000, 0x00000000e7100000|  0%| F|  |TAMS 0x00000000e7000000, 0x00000000e7000000| Untracked 
| 113|0x00000000e7100000, 0x00000000e7100000, 0x00000000e7200000|  0%| F|  |TAMS 0x00000000e7100000, 0x00000000e7100000| Untracked 
| 114|0x00000000e7200000, 0x00000000e7200000, 0x00000000e7300000|  0%| F|  |TAMS 0x00000000e7200000, 0x00000000e7200000| Untracked 
| 115|0x00000000e7300000, 0x00000000e7300000, 0x00000000e7400000|  0%| F|  |TAMS 0x00000000e7300000, 0x00000000e7300000| Untracked 
| 116|0x00000000e7400000, 0x00000000e7400000, 0x00000000e7500000|  0%| F|  |TAMS 0x00000000e7400000, 0x00000000e7400000| Untracked 
| 117|0x00000000e7500000, 0x00000000e7500000, 0x00000000e7600000|  0%| F|  |TAMS 0x00000000e7500000, 0x00000000e7500000| Untracked 
| 118|0x00000000e7600000, 0x00000000e7600000, 0x00000000e7700000|  0%| F|  |TAMS 0x00000000e7600000, 0x00000000e7600000| Untracked 
| 119|0x00000000e7700000, 0x00000000e7700000, 0x00000000e7800000|  0%| F|  |TAMS 0x00000000e7700000, 0x00000000e7700000| Untracked 
| 120|0x00000000e7800000, 0x00000000e7800000, 0x00000000e7900000|  0%| F|  |TAMS 0x00000000e7800000, 0x00000000e7800000| Untracked 
| 121|0x00000000e7900000, 0x00000000e7900000, 0x00000000e7a00000|  0%| F|  |TAMS 0x00000000e7900000, 0x00000000e7900000| Untracked 
| 122|0x00000000e7a00000, 0x00000000e7a00000, 0x00000000e7b00000|  0%| F|  |TAMS 0x00000000e7a00000, 0x00000000e7a00000| Untracked 
| 123|0x00000000e7b00000, 0x00000000e7b00000, 0x00000000e7c00000|  0%| F|  |TAMS 0x00000000e7b00000, 0x00000000e7b00000| Untracked 
| 124|0x00000000e7c00000, 0x00000000e7c00000, 0x00000000e7d00000|  0%| F|  |TAMS 0x00000000e7c00000, 0x00000000e7c00000| Untracked 
| 125|0x00000000e7d00000, 0x00000000e7d00000, 0x00000000e7e00000|  0%| F|  |TAMS 0x00000000e7d00000, 0x00000000e7d00000| Untracked 
| 126|0x00000000e7e00000, 0x00000000e7e00000, 0x00000000e7f00000|  0%| F|  |TAMS 0x00000000e7e00000, 0x00000000e7e00000| Untracked 
| 127|0x00000000e7f00000, 0x00000000e7f00000, 0x00000000e8000000|  0%| F|  |TAMS 0x00000000e7f00000, 0x00000000e7f00000| Untracked 
| 128|0x00000000e8000000, 0x00000000e8000000, 0x00000000e8100000|  0%| F|  |TAMS 0x00000000e8000000, 0x00000000e8000000| Untracked 
| 129|0x00000000e8100000, 0x00000000e8100000, 0x00000000e8200000|  0%| F|  |TAMS 0x00000000e8100000, 0x00000000e8100000| Untracked 
| 130|0x00000000e8200000, 0x00000000e8200000, 0x00000000e8300000|  0%| F|  |TAMS 0x00000000e8200000, 0x00000000e8200000| Untracked 
| 131|0x00000000e8300000, 0x00000000e8300000, 0x00000000e8400000|  0%| F|  |TAMS 0x00000000e8300000, 0x00000000e8300000| Untracked 
| 132|0x00000000e8400000, 0x00000000e8400000, 0x00000000e8500000|  0%| F|  |TAMS 0x00000000e8400000, 0x00000000e8400000| Untracked 
| 133|0x00000000e8500000, 0x00000000e8500000, 0x00000000e8600000|  0%| F|  |TAMS 0x00000000e8500000, 0x00000000e8500000| Untracked 
| 134|0x00000000e8600000, 0x00000000e8600000, 0x00000000e8700000|  0%| F|  |TAMS 0x00000000e8600000, 0x00000000e8600000| Untracked 
| 135|0x00000000e8700000, 0x00000000e8700000, 0x00000000e8800000|  0%| F|  |TAMS 0x00000000e8700000, 0x00000000e8700000| Untracked 
| 136|0x00000000e8800000, 0x00000000e8800000, 0x00000000e8900000|  0%| F|  |TAMS 0x00000000e8800000, 0x00000000e8800000| Untracked 
| 137|0x00000000e8900000, 0x00000000e89c8460, 0x00000000e8a00000| 78%| S|CS|TAMS 0x00000000e8900000, 0x00000000e8900000| Complete 
| 138|0x00000000e8a00000, 0x00000000e8b00000, 0x00000000e8b00000|100%| S|CS|TAMS 0x00000000e8a00000, 0x00000000e8a00000| Complete 
| 139|0x00000000e8b00000, 0x00000000e8c00000, 0x00000000e8c00000|100%| S|CS|TAMS 0x00000000e8b00000, 0x00000000e8b00000| Complete 
| 140|0x00000000e8c00000, 0x00000000e8d00000, 0x00000000e8d00000|100%| S|CS|TAMS 0x00000000e8c00000, 0x00000000e8c00000| Complete 
| 141|0x00000000e8d00000, 0x00000000e8e00000, 0x00000000e8e00000|100%| S|CS|TAMS 0x00000000e8d00000, 0x00000000e8d00000| Complete 
| 142|0x00000000e8e00000, 0x00000000e8e00000, 0x00000000e8f00000|  0%| F|  |TAMS 0x00000000e8e00000, 0x00000000e8e00000| Untracked 
| 143|0x00000000e8f00000, 0x00000000e8f00000, 0x00000000e9000000|  0%| F|  |TAMS 0x00000000e8f00000, 0x00000000e8f00000| Untracked 
| 144|0x00000000e9000000, 0x00000000e9000000, 0x00000000e9100000|  0%| F|  |TAMS 0x00000000e9000000, 0x00000000e9000000| Untracked 
| 145|0x00000000e9100000, 0x00000000e9100000, 0x00000000e9200000|  0%| F|  |TAMS 0x00000000e9100000, 0x00000000e9100000| Untracked 
| 146|0x00000000e9200000, 0x00000000e9200000, 0x00000000e9300000|  0%| F|  |TAMS 0x00000000e9200000, 0x00000000e9200000| Untracked 
| 147|0x00000000e9300000, 0x00000000e9300000, 0x00000000e9400000|  0%| F|  |TAMS 0x00000000e9300000, 0x00000000e9300000| Untracked 
| 148|0x00000000e9400000, 0x00000000e9400000, 0x00000000e9500000|  0%| F|  |TAMS 0x00000000e9400000, 0x00000000e9400000| Untracked 
| 149|0x00000000e9500000, 0x00000000e9500000, 0x00000000e9600000|  0%| F|  |TAMS 0x00000000e9500000, 0x00000000e9500000| Untracked 
| 150|0x00000000e9600000, 0x00000000e9600000, 0x00000000e9700000|  0%| F|  |TAMS 0x00000000e9600000, 0x00000000e9600000| Untracked 
| 151|0x00000000e9700000, 0x00000000e9700000, 0x00000000e9800000|  0%| F|  |TAMS 0x00000000e9700000, 0x00000000e9700000| Untracked 
| 152|0x00000000e9800000, 0x00000000e9800000, 0x00000000e9900000|  0%| F|  |TAMS 0x00000000e9800000, 0x00000000e9800000| Untracked 
| 153|0x00000000e9900000, 0x00000000e9900000, 0x00000000e9a00000|  0%| F|  |TAMS 0x00000000e9900000, 0x00000000e9900000| Untracked 
| 154|0x00000000e9a00000, 0x00000000e9a00000, 0x00000000e9b00000|  0%| F|  |TAMS 0x00000000e9a00000, 0x00000000e9a00000| Untracked 
| 155|0x00000000e9b00000, 0x00000000e9b00000, 0x00000000e9c00000|  0%| F|  |TAMS 0x00000000e9b00000, 0x00000000e9b00000| Untracked 
| 156|0x00000000e9c00000, 0x00000000e9c00000, 0x00000000e9d00000|  0%| F|  |TAMS 0x00000000e9c00000, 0x00000000e9c00000| Untracked 
| 157|0x00000000e9d00000, 0x00000000e9d00000, 0x00000000e9e00000|  0%| F|  |TAMS 0x00000000e9d00000, 0x00000000e9d00000| Untracked 
| 158|0x00000000e9e00000, 0x00000000e9e00000, 0x00000000e9f00000|  0%| F|  |TAMS 0x00000000e9e00000, 0x00000000e9e00000| Untracked 
| 159|0x00000000e9f00000, 0x00000000e9f00000, 0x00000000ea000000|  0%| F|  |TAMS 0x00000000e9f00000, 0x00000000e9f00000| Untracked 
| 160|0x00000000ea000000, 0x00000000ea000000, 0x00000000ea100000|  0%| F|  |TAMS 0x00000000ea000000, 0x00000000ea000000| Untracked 
| 161|0x00000000ea100000, 0x00000000ea100000, 0x00000000ea200000|  0%| F|  |TAMS 0x00000000ea100000, 0x00000000ea100000| Untracked 
| 162|0x00000000ea200000, 0x00000000ea200000, 0x00000000ea300000|  0%| F|  |TAMS 0x00000000ea200000, 0x00000000ea200000| Untracked 
| 163|0x00000000ea300000, 0x00000000ea300000, 0x00000000ea400000|  0%| F|  |TAMS 0x00000000ea300000, 0x00000000ea300000| Untracked 
| 164|0x00000000ea400000, 0x00000000ea400000, 0x00000000ea500000|  0%| F|  |TAMS 0x00000000ea400000, 0x00000000ea400000| Untracked 
| 165|0x00000000ea500000, 0x00000000ea500000, 0x00000000ea600000|  0%| F|  |TAMS 0x00000000ea500000, 0x00000000ea500000| Untracked 
| 166|0x00000000ea600000, 0x00000000ea600000, 0x00000000ea700000|  0%| F|  |TAMS 0x00000000ea600000, 0x00000000ea600000| Untracked 
| 167|0x00000000ea700000, 0x00000000ea700000, 0x00000000ea800000|  0%| F|  |TAMS 0x00000000ea700000, 0x00000000ea700000| Untracked 
| 168|0x00000000ea800000, 0x00000000ea800000, 0x00000000ea900000|  0%| F|  |TAMS 0x00000000ea800000, 0x00000000ea800000| Untracked 
| 169|0x00000000ea900000, 0x00000000ea900000, 0x00000000eaa00000|  0%| F|  |TAMS 0x00000000ea900000, 0x00000000ea900000| Untracked 
| 170|0x00000000eaa00000, 0x00000000eaa00000, 0x00000000eab00000|  0%| F|  |TAMS 0x00000000eaa00000, 0x00000000eaa00000| Untracked 
| 171|0x00000000eab00000, 0x00000000eab00000, 0x00000000eac00000|  0%| F|  |TAMS 0x00000000eab00000, 0x00000000eab00000| Untracked 
| 172|0x00000000eac00000, 0x00000000eac00000, 0x00000000ead00000|  0%| F|  |TAMS 0x00000000eac00000, 0x00000000eac00000| Untracked 
| 173|0x00000000ead00000, 0x00000000ead00000, 0x00000000eae00000|  0%| F|  |TAMS 0x00000000ead00000, 0x00000000ead00000| Untracked 
| 174|0x00000000eae00000, 0x00000000eae00000, 0x00000000eaf00000|  0%| F|  |TAMS 0x00000000eae00000, 0x00000000eae00000| Untracked 
| 175|0x00000000eaf00000, 0x00000000eaf00000, 0x00000000eb000000|  0%| F|  |TAMS 0x00000000eaf00000, 0x00000000eaf00000| Untracked 
| 176|0x00000000eb000000, 0x00000000eb000000, 0x00000000eb100000|  0%| F|  |TAMS 0x00000000eb000000, 0x00000000eb000000| Untracked 
| 177|0x00000000eb100000, 0x00000000eb100000, 0x00000000eb200000|  0%| F|  |TAMS 0x00000000eb100000, 0x00000000eb100000| Untracked 
| 178|0x00000000eb200000, 0x00000000eb200000, 0x00000000eb300000|  0%| F|  |TAMS 0x00000000eb200000, 0x00000000eb200000| Untracked 
| 179|0x00000000eb300000, 0x00000000eb300000, 0x00000000eb400000|  0%| F|  |TAMS 0x00000000eb300000, 0x00000000eb300000| Untracked 
| 180|0x00000000eb400000, 0x00000000eb400000, 0x00000000eb500000|  0%| F|  |TAMS 0x00000000eb400000, 0x00000000eb400000| Untracked 
| 181|0x00000000eb500000, 0x00000000eb500000, 0x00000000eb600000|  0%| F|  |TAMS 0x00000000eb500000, 0x00000000eb500000| Untracked 
| 182|0x00000000eb600000, 0x00000000eb600000, 0x00000000eb700000|  0%| F|  |TAMS 0x00000000eb600000, 0x00000000eb600000| Untracked 
| 183|0x00000000eb700000, 0x00000000eb700000, 0x00000000eb800000|  0%| F|  |TAMS 0x00000000eb700000, 0x00000000eb700000| Untracked 
| 184|0x00000000eb800000, 0x00000000eb800000, 0x00000000eb900000|  0%| F|  |TAMS 0x00000000eb800000, 0x00000000eb800000| Untracked 
| 185|0x00000000eb900000, 0x00000000eb900000, 0x00000000eba00000|  0%| F|  |TAMS 0x00000000eb900000, 0x00000000eb900000| Untracked 
| 186|0x00000000eba00000, 0x00000000eba00000, 0x00000000ebb00000|  0%| F|  |TAMS 0x00000000eba00000, 0x00000000eba00000| Untracked 
| 187|0x00000000ebb00000, 0x00000000ebb00000, 0x00000000ebc00000|  0%| F|  |TAMS 0x00000000ebb00000, 0x00000000ebb00000| Untracked 
| 188|0x00000000ebc00000, 0x00000000ebc00000, 0x00000000ebd00000|  0%| F|  |TAMS 0x00000000ebc00000, 0x00000000ebc00000| Untracked 
| 189|0x00000000ebd00000, 0x00000000ebd00000, 0x00000000ebe00000|  0%| F|  |TAMS 0x00000000ebd00000, 0x00000000ebd00000| Untracked 
| 190|0x00000000ebe00000, 0x00000000ebe00000, 0x00000000ebf00000|  0%| F|  |TAMS 0x00000000ebe00000, 0x00000000ebe00000| Untracked 
| 191|0x00000000ebf00000, 0x00000000ebf00000, 0x00000000ec000000|  0%| F|  |TAMS 0x00000000ebf00000, 0x00000000ebf00000| Untracked 
| 192|0x00000000ec000000, 0x00000000ec000000, 0x00000000ec100000|  0%| F|  |TAMS 0x00000000ec000000, 0x00000000ec000000| Untracked 
| 193|0x00000000ec100000, 0x00000000ec100000, 0x00000000ec200000|  0%| F|  |TAMS 0x00000000ec100000, 0x00000000ec100000| Untracked 
| 194|0x00000000ec200000, 0x00000000ec200000, 0x00000000ec300000|  0%| F|  |TAMS 0x00000000ec200000, 0x00000000ec200000| Untracked 
| 195|0x00000000ec300000, 0x00000000ec300000, 0x00000000ec400000|  0%| F|  |TAMS 0x00000000ec300000, 0x00000000ec300000| Untracked 
| 196|0x00000000ec400000, 0x00000000ec400000, 0x00000000ec500000|  0%| F|  |TAMS 0x00000000ec400000, 0x00000000ec400000| Untracked 
| 197|0x00000000ec500000, 0x00000000ec500000, 0x00000000ec600000|  0%| F|  |TAMS 0x00000000ec500000, 0x00000000ec500000| Untracked 
| 198|0x00000000ec600000, 0x00000000ec600000, 0x00000000ec700000|  0%| F|  |TAMS 0x00000000ec600000, 0x00000000ec600000| Untracked 
| 199|0x00000000ec700000, 0x00000000ec700000, 0x00000000ec800000|  0%| F|  |TAMS 0x00000000ec700000, 0x00000000ec700000| Untracked 
| 200|0x00000000ec800000, 0x00000000ec800000, 0x00000000ec900000|  0%| F|  |TAMS 0x00000000ec800000, 0x00000000ec800000| Untracked 
| 201|0x00000000ec900000, 0x00000000ec900000, 0x00000000eca00000|  0%| F|  |TAMS 0x00000000ec900000, 0x00000000ec900000| Untracked 
| 202|0x00000000eca00000, 0x00000000eca00000, 0x00000000ecb00000|  0%| F|  |TAMS 0x00000000eca00000, 0x00000000eca00000| Untracked 
| 203|0x00000000ecb00000, 0x00000000ecb00000, 0x00000000ecc00000|  0%| F|  |TAMS 0x00000000ecb00000, 0x00000000ecb00000| Untracked 
| 204|0x00000000ecc00000, 0x00000000ecc00000, 0x00000000ecd00000|  0%| F|  |TAMS 0x00000000ecc00000, 0x00000000ecc00000| Untracked 
| 205|0x00000000ecd00000, 0x00000000ecd00000, 0x00000000ece00000|  0%| F|  |TAMS 0x00000000ecd00000, 0x00000000ecd00000| Untracked 
| 206|0x00000000ece00000, 0x00000000ece00000, 0x00000000ecf00000|  0%| F|  |TAMS 0x00000000ece00000, 0x00000000ece00000| Untracked 
| 207|0x00000000ecf00000, 0x00000000ecf00000, 0x00000000ed000000|  0%| F|  |TAMS 0x00000000ecf00000, 0x00000000ecf00000| Untracked 
| 208|0x00000000ed000000, 0x00000000ed000000, 0x00000000ed100000|  0%| F|  |TAMS 0x00000000ed000000, 0x00000000ed000000| Untracked 
| 209|0x00000000ed100000, 0x00000000ed180800, 0x00000000ed200000| 50%| E|  |TAMS 0x00000000ed100000, 0x00000000ed100000| Complete 
| 210|0x00000000ed200000, 0x00000000ed300000, 0x00000000ed300000|100%| E|CS|TAMS 0x00000000ed200000, 0x00000000ed200000| Complete 
| 211|0x00000000ed300000, 0x00000000ed400000, 0x00000000ed400000|100%| E|CS|TAMS 0x00000000ed300000, 0x00000000ed300000| Complete 
| 212|0x00000000ed400000, 0x00000000ed500000, 0x00000000ed500000|100%| E|CS|TAMS 0x00000000ed400000, 0x00000000ed400000| Complete 
| 213|0x00000000ed500000, 0x00000000ed600000, 0x00000000ed600000|100%| E|CS|TAMS 0x00000000ed500000, 0x00000000ed500000| Complete 
| 214|0x00000000ed600000, 0x00000000ed700000, 0x00000000ed700000|100%| E|CS|TAMS 0x00000000ed600000, 0x00000000ed600000| Complete 
| 215|0x00000000ed700000, 0x00000000ed800000, 0x00000000ed800000|100%| E|CS|TAMS 0x00000000ed700000, 0x00000000ed700000| Complete 
| 216|0x00000000ed800000, 0x00000000ed900000, 0x00000000ed900000|100%| E|CS|TAMS 0x00000000ed800000, 0x00000000ed800000| Complete 
| 217|0x00000000ed900000, 0x00000000eda00000, 0x00000000eda00000|100%| E|CS|TAMS 0x00000000ed900000, 0x00000000ed900000| Complete 
| 218|0x00000000eda00000, 0x00000000edb00000, 0x00000000edb00000|100%| E|CS|TAMS 0x00000000eda00000, 0x00000000eda00000| Complete 
| 219|0x00000000edb00000, 0x00000000edc00000, 0x00000000edc00000|100%| E|CS|TAMS 0x00000000edb00000, 0x00000000edb00000| Complete 
| 220|0x00000000edc00000, 0x00000000edd00000, 0x00000000edd00000|100%| E|CS|TAMS 0x00000000edc00000, 0x00000000edc00000| Complete 
| 221|0x00000000edd00000, 0x00000000ede00000, 0x00000000ede00000|100%| E|CS|TAMS 0x00000000edd00000, 0x00000000edd00000| Complete 
| 222|0x00000000ede00000, 0x00000000edf00000, 0x00000000edf00000|100%| E|CS|TAMS 0x00000000ede00000, 0x00000000ede00000| Complete 
| 223|0x00000000edf00000, 0x00000000ee000000, 0x00000000ee000000|100%| E|CS|TAMS 0x00000000edf00000, 0x00000000edf00000| Complete 
| 224|0x00000000ee000000, 0x00000000ee100000, 0x00000000ee100000|100%| E|CS|TAMS 0x00000000ee000000, 0x00000000ee000000| Complete 
| 225|0x00000000ee100000, 0x00000000ee200000, 0x00000000ee200000|100%| E|CS|TAMS 0x00000000ee100000, 0x00000000ee100000| Complete 
| 226|0x00000000ee200000, 0x00000000ee300000, 0x00000000ee300000|100%| E|CS|TAMS 0x00000000ee200000, 0x00000000ee200000| Complete 
| 227|0x00000000ee300000, 0x00000000ee400000, 0x00000000ee400000|100%| E|CS|TAMS 0x00000000ee300000, 0x00000000ee300000| Complete 
| 228|0x00000000ee400000, 0x00000000ee500000, 0x00000000ee500000|100%| E|CS|TAMS 0x00000000ee400000, 0x00000000ee400000| Complete 
| 229|0x00000000ee500000, 0x00000000ee600000, 0x00000000ee600000|100%| E|CS|TAMS 0x00000000ee500000, 0x00000000ee500000| Complete 
| 230|0x00000000ee600000, 0x00000000ee700000, 0x00000000ee700000|100%| E|CS|TAMS 0x00000000ee600000, 0x00000000ee600000| Complete 
| 231|0x00000000ee700000, 0x00000000ee800000, 0x00000000ee800000|100%| E|CS|TAMS 0x00000000ee700000, 0x00000000ee700000| Complete 
| 232|0x00000000ee800000, 0x00000000ee900000, 0x00000000ee900000|100%| E|CS|TAMS 0x00000000ee800000, 0x00000000ee800000| Complete 
| 233|0x00000000ee900000, 0x00000000eea00000, 0x00000000eea00000|100%| E|  |TAMS 0x00000000ee900000, 0x00000000ee900000| Complete 
| 234|0x00000000eea00000, 0x00000000eeb00000, 0x00000000eeb00000|100%| E|CS|TAMS 0x00000000eea00000, 0x00000000eea00000| Complete 
| 235|0x00000000eeb00000, 0x00000000eec00000, 0x00000000eec00000|100%| E|CS|TAMS 0x00000000eeb00000, 0x00000000eeb00000| Complete 
| 236|0x00000000eec00000, 0x00000000eed00000, 0x00000000eed00000|100%| E|CS|TAMS 0x00000000eec00000, 0x00000000eec00000| Complete 
| 237|0x00000000eed00000, 0x00000000eee00000, 0x00000000eee00000|100%| E|CS|TAMS 0x00000000eed00000, 0x00000000eed00000| Complete 
| 238|0x00000000eee00000, 0x00000000eef00000, 0x00000000eef00000|100%| E|CS|TAMS 0x00000000eee00000, 0x00000000eee00000| Complete 
| 239|0x00000000eef00000, 0x00000000ef000000, 0x00000000ef000000|100%| E|CS|TAMS 0x00000000eef00000, 0x00000000eef00000| Complete 
| 240|0x00000000ef000000, 0x00000000ef100000, 0x00000000ef100000|100%| E|CS|TAMS 0x00000000ef000000, 0x00000000ef000000| Complete 
| 241|0x00000000ef100000, 0x00000000ef200000, 0x00000000ef200000|100%| E|CS|TAMS 0x00000000ef100000, 0x00000000ef100000| Complete 
| 242|0x00000000ef200000, 0x00000000ef300000, 0x00000000ef300000|100%| E|CS|TAMS 0x00000000ef200000, 0x00000000ef200000| Complete 
| 243|0x00000000ef300000, 0x00000000ef400000, 0x00000000ef400000|100%| E|CS|TAMS 0x00000000ef300000, 0x00000000ef300000| Complete 
| 244|0x00000000ef400000, 0x00000000ef500000, 0x00000000ef500000|100%| E|CS|TAMS 0x00000000ef400000, 0x00000000ef400000| Complete 
| 245|0x00000000ef500000, 0x00000000ef600000, 0x00000000ef600000|100%| E|CS|TAMS 0x00000000ef500000, 0x00000000ef500000| Complete 
| 246|0x00000000ef600000, 0x00000000ef700000, 0x00000000ef700000|100%| E|CS|TAMS 0x00000000ef600000, 0x00000000ef600000| Complete 
| 247|0x00000000ef700000, 0x00000000ef800000, 0x00000000ef800000|100%| E|CS|TAMS 0x00000000ef700000, 0x00000000ef700000| Complete 
| 248|0x00000000ef800000, 0x00000000ef900000, 0x00000000ef900000|100%| E|CS|TAMS 0x00000000ef800000, 0x00000000ef800000| Complete 
| 249|0x00000000ef900000, 0x00000000efa00000, 0x00000000efa00000|100%| E|CS|TAMS 0x00000000ef900000, 0x00000000ef900000| Complete 
| 250|0x00000000efa00000, 0x00000000efb00000, 0x00000000efb00000|100%| E|CS|TAMS 0x00000000efa00000, 0x00000000efa00000| Complete 
| 251|0x00000000efb00000, 0x00000000efc00000, 0x00000000efc00000|100%| E|CS|TAMS 0x00000000efb00000, 0x00000000efb00000| Complete 
| 252|0x00000000efc00000, 0x00000000efd00000, 0x00000000efd00000|100%| E|CS|TAMS 0x00000000efc00000, 0x00000000efc00000| Complete 
| 253|0x00000000efd00000, 0x00000000efe00000, 0x00000000efe00000|100%| E|CS|TAMS 0x00000000efd00000, 0x00000000efd00000| Complete 
| 254|0x00000000efe00000, 0x00000000eff00000, 0x00000000eff00000|100%| E|CS|TAMS 0x00000000efe00000, 0x00000000efe00000| Complete 
| 255|0x00000000eff00000, 0x00000000f0000000, 0x00000000f0000000|100%| E|CS|TAMS 0x00000000eff00000, 0x00000000eff00000| Complete 

Card table byte_map: [0x000001acc4f40000,0x000001acc5040000] _byte_map_base: 0x000001acc4840000

Marking Bits (Prev, Next): (CMBitMap*) 0x000001acab821e38, (CMBitMap*) 0x000001acab821e78
 Prev Bits: [0x000001acc5140000, 0x000001acc5940000)
 Next Bits: [0x000001acc5940000, 0x000001acc6140000)

Polling page: 0x000001acab8d0000

Metaspace:

Usage:
  Non-class:     62.10 MB capacity,    60.44 MB ( 97%) used,     1.48 MB (  2%) free+waste,   178.44 KB ( <1%) overhead. 
      Class:      9.78 MB capacity,     9.02 MB ( 92%) used,   685.50 KB (  7%) free+waste,    84.38 KB ( <1%) overhead. 
       Both:     71.87 MB capacity,    69.47 MB ( 97%) used,     2.15 MB (  3%) free+waste,   262.81 KB ( <1%) overhead. 

Virtual space:
  Non-class space:       64.00 MB reserved,      62.21 MB ( 97%) committed 
      Class space:      248.00 MB reserved,       9.88 MB (  4%) committed 
             Both:      312.00 MB reserved,      72.08 MB ( 23%) committed 

Chunk freelists:
   Non-Class:  128 bytes
       Class:  640 bytes
        Both:  768 bytes

CodeHeap 'non-profiled nmethods': size=120000Kb used=5993Kb max_used=5993Kb free=114006Kb
 bounds [0x000001acbcea0000, 0x000001acbd480000, 0x000001acc43d0000]
CodeHeap 'profiled nmethods': size=120000Kb used=24601Kb max_used=24601Kb free=95399Kb
 bounds [0x000001acb5970000, 0x000001acb7190000, 0x000001acbcea0000]
CodeHeap 'non-nmethods': size=5760Kb used=2290Kb max_used=2361Kb free=3470Kb
 bounds [0x000001acb53d0000, 0x000001acb5640000, 0x000001acb5970000]
 total_blobs=15369 nmethods=10387 adapters=772
 compilation: enabled
              stopped_count=0, restarted_count=0
 full_count=0

Compilation events (10 events):
Event: 293.408 Thread 0x000001acce650000 11817       4       java.util.zip.ZipEntry::isDirectory (10 bytes)
Event: 293.409 Thread 0x000001acce650000 nmethod 11817 0x000001acbd475590 code [0x000001acbd475740, 0x000001acbd475838]
Event: 293.409 Thread 0x000001acce650000 11818       4       java.util.zip.ZipCoder$UTF8::toString (12 bytes)
Event: 293.414 Thread 0x000001acce650000 nmethod 11818 0x000001acbd475990 code [0x000001acbd475b40, 0x000001acbd476018]
Event: 293.414 Thread 0x000001acce650000 11821       4       java.lang.StringCoding::newStringUTF8NoRepl (56 bytes)
Event: 293.419 Thread 0x000001acce650000 nmethod 11821 0x000001acbd476190 code [0x000001acbd476340, 0x000001acbd4767f8]
Event: 293.419 Thread 0x000001acce650000 11822       4       java.util.zip.ZipFile$ZipEntryIterator::nextElement (5 bytes)
Event: 293.422 Thread 0x000001acce650000 nmethod 11822 0x000001acbd476990 code [0x000001acbd476b40, 0x000001acbd477088]
Event: 293.422 Thread 0x000001acce650000 11797       4       groovy.lang.MetaClassImpl::invokeMethod (14 bytes)
Event: 293.424 Thread 0x000001acce650000 nmethod 11797 0x000001acbd477390 code [0x000001acbd477540, 0x000001acbd477658]

GC Heap History (10 events):
Event: 81.556 GC heap before
{Heap before GC invocations=7 (full 0):
 garbage-first heap   total 262144K, used 147114K [0x00000000e0000000, 0x0000000100000000)
  region size 1024K, 119 young (121856K), 10 survivors (10240K)
 Metaspace       used 42497K, capacity 43655K, committed 43984K, reserved 292864K
  class space    used 5794K, capacity 6157K, committed 6272K, reserved 253952K
}
Event: 81.569 GC heap after
{Heap after GC invocations=8 (full 0):
 garbage-first heap   total 262144K, used 44879K [0x00000000e0000000, 0x0000000100000000)
  region size 1024K, 15 young (15360K), 15 survivors (15360K)
 Metaspace       used 42497K, capacity 43655K, committed 43984K, reserved 292864K
  class space    used 5794K, capacity 6157K, committed 6272K, reserved 253952K
}
Event: 106.070 GC heap before
{Heap before GC invocations=8 (full 0):
 garbage-first heap   total 262144K, used 157519K [0x00000000e0000000, 0x0000000100000000)
  region size 1024K, 125 young (128000K), 15 survivors (15360K)
 Metaspace       used 50328K, capacity 51705K, committed 51920K, reserved 299008K
  class space    used 6767K, capacity 7169K, committed 7296K, reserved 253952K
}
Event: 106.090 GC heap after
{Heap after GC invocations=9 (full 0):
 garbage-first heap   total 262144K, used 53132K [0x00000000e0000000, 0x0000000100000000)
  region size 1024K, 8 young (8192K), 8 survivors (8192K)
 Metaspace       used 50328K, capacity 51705K, committed 51920K, reserved 299008K
  class space    used 6767K, capacity 7169K, committed 7296K, reserved 253952K
}
Event: 107.237 GC heap before
{Heap before GC invocations=9 (full 0):
 garbage-first heap   total 262144K, used 91020K [0x00000000e0000000, 0x0000000100000000)
  region size 1024K, 46 young (47104K), 8 survivors (8192K)
 Metaspace       used 58370K, capacity 60112K, committed 60240K, reserved 307200K
  class space    used 7812K, capacity 8321K, committed 8448K, reserved 253952K
}
Event: 107.249 GC heap after
{Heap after GC invocations=10 (full 0):
 garbage-first heap   total 262144K, used 57109K [0x00000000e0000000, 0x0000000100000000)
  region size 1024K, 12 young (12288K), 12 survivors (12288K)
 Metaspace       used 58370K, capacity 60112K, committed 60240K, reserved 307200K
  class space    used 7812K, capacity 8321K, committed 8448K, reserved 253952K
}
Event: 206.087 GC heap before
{Heap before GC invocations=11 (full 0):
 garbage-first heap   total 262144K, used 171797K [0x00000000e0000000, 0x0000000100000000)
  region size 1024K, 125 young (128000K), 12 survivors (12288K)
 Metaspace       used 65209K, capacity 67464K, committed 67668K, reserved 313344K
  class space    used 8639K, capacity 9314K, committed 9344K, reserved 253952K
}
Event: 206.120 GC heap after
{Heap after GC invocations=12 (full 0):
 garbage-first heap   total 262144K, used 64173K [0x00000000e0000000, 0x0000000100000000)
  region size 1024K, 12 young (12288K), 12 survivors (12288K)
 Metaspace       used 65209K, capacity 67464K, committed 67668K, reserved 313344K
  class space    used 8639K, capacity 9314K, committed 9344K, reserved 253952K
}
Event: 292.828 GC heap before
{Heap before GC invocations=13 (full 0):
 garbage-first heap   total 262144K, used 179885K [0x00000000e0000000, 0x0000000100000000)
  region size 1024K, 126 young (129024K), 12 survivors (12288K)
 Metaspace       used 70479K, capacity 72816K, committed 72916K, reserved 317440K
  class space    used 9186K, capacity 9918K, committed 9984K, reserved 253952K
}
Event: 292.837 GC heap after
{Heap after GC invocations=14 (full 0):
 garbage-first heap   total 262144K, used 66163K [0x00000000e0000000, 0x0000000100000000)
  region size 1024K, 5 young (5120K), 5 survivors (5120K)
 Metaspace       used 70479K, capacity 72816K, committed 72916K, reserved 317440K
  class space    used 9186K, capacity 9918K, committed 9984K, reserved 253952K
}

Deoptimization events (10 events):
Event: 264.400 Thread 0x000001acce649800 Uncommon trap: reason=array_check action=maybe_recompile pc=0x000001acbd3915d8 method=com.google.common.collect.ImmutableSet.construct(I[Ljava/lang/Object;)Lcom/google/common/collect/ImmutableSet; @ 122 c2
Event: 264.400 Thread 0x000001acce649800 Uncommon trap: reason=array_check action=maybe_recompile pc=0x000001acbd3915d8 method=com.google.common.collect.ImmutableSet.construct(I[Ljava/lang/Object;)Lcom/google/common/collect/ImmutableSet; @ 122 c2
Event: 264.401 Thread 0x000001acce649800 Uncommon trap: reason=profile_predicate action=maybe_recompile pc=0x000001acbd37f1c0 method=com.google.common.collect.ImmutableSet.construct(I[Ljava/lang/Object;)Lcom/google/common/collect/ImmutableSet; @ 65 c2
Event: 264.402 Thread 0x000001acce649800 Uncommon trap: reason=profile_predicate action=maybe_recompile pc=0x000001acbd37f1c0 method=com.google.common.collect.ImmutableSet.construct(I[Ljava/lang/Object;)Lcom/google/common/collect/ImmutableSet; @ 65 c2
Event: 264.427 Thread 0x000001acce649800 Uncommon trap: reason=speculate_class_check action=maybe_recompile pc=0x000001acbd13c644 method=com.google.common.collect.ImmutableList.listIterator(I)Lcom/google/common/collect/UnmodifiableListIterator; @ 2 c2
Event: 292.854 Thread 0x000001acce649800 Uncommon trap: reason=null_check action=make_not_entrant pc=0x000001acbd160c48 method=org.gradle.api.internal.collections.CollectionFilter.filter(Ljava/lang/Object;)Ljava/lang/Object; @ 5 c2
Event: 292.883 Thread 0x000001acce5f7000 Uncommon trap: reason=unstable_if action=reinterpret pc=0x000001acbd33aac8 method=com.google.common.collect.MapMakerInternalMap$Segment.drainKeyReferenceQueue(Ljava/lang/ref/ReferenceQueue;)V @ 8 c2
Event: 292.945 Thread 0x000001acce5f7000 Uncommon trap: reason=null_check action=make_not_entrant pc=0x000001acbd2cfcdc method=jdk.nio.zipfs.ZipFileSystem$IndexNode.keyOf([B)Ljdk/nio/zipfs/ZipFileSystem$IndexNode; @ 6 c2
Event: 293.307 Thread 0x000001acce5f7000 Uncommon trap: reason=class_check action=maybe_recompile pc=0x000001acbd391588 method=com.sun.tools.javac.code.Scope$ScopeListenerList.walkReferences(Lcom/sun/tools/javac/code/Symbol;Lcom/sun/tools/javac/code/Scope;Z)V @ 20 c2
Event: 293.340 Thread 0x000001acce64b000 Uncommon trap: reason=unstable_if action=reinterpret pc=0x000001acbd329e04 method=java.io.BufferedOutputStream.write([BII)V @ 6 c2

Classes redefined (0 events):
No events

Internal exceptions (10 events):
Event: 293.247 Thread 0x000001acce5f7000 Exception <a 'sun/nio/fs/WindowsException'{0x00000000edd31f00}> (0x00000000edd31f00) thrown at [t:/workspace/open/src/hotspot/share/prims/jni.cpp, line 615]
Event: 293.247 Thread 0x000001acce5f7000 Exception <a 'sun/nio/fs/WindowsException'{0x00000000edd32340}> (0x00000000edd32340) thrown at [t:/workspace/open/src/hotspot/share/prims/jni.cpp, line 615]
Event: 293.248 Thread 0x000001acce5f7000 Exception <a 'sun/nio/fs/WindowsException'{0x00000000edd35648}> (0x00000000edd35648) thrown at [t:/workspace/open/src/hotspot/share/prims/jni.cpp, line 615]
Event: 293.248 Thread 0x000001acce5f7000 Exception <a 'sun/nio/fs/WindowsException'{0x00000000edd35a88}> (0x00000000edd35a88) thrown at [t:/workspace/open/src/hotspot/share/prims/jni.cpp, line 615]
Event: 293.251 Thread 0x000001acce5f7000 Exception <a 'sun/nio/fs/WindowsException'{0x00000000edd4d4f0}> (0x00000000edd4d4f0) thrown at [t:/workspace/open/src/hotspot/share/prims/jni.cpp, line 615]
Event: 293.251 Thread 0x000001acce5f7000 Exception <a 'sun/nio/fs/WindowsException'{0x00000000edd4d880}> (0x00000000edd4d880) thrown at [t:/workspace/open/src/hotspot/share/prims/jni.cpp, line 615]
Event: 293.251 Thread 0x000001acce5f7000 Exception <a 'sun/nio/fs/WindowsException'{0x00000000edd4f7f8}> (0x00000000edd4f7f8) thrown at [t:/workspace/open/src/hotspot/share/prims/jni.cpp, line 615]
Event: 293.251 Thread 0x000001acce5f7000 Exception <a 'sun/nio/fs/WindowsException'{0x00000000edd4fb88}> (0x00000000edd4fb88) thrown at [t:/workspace/open/src/hotspot/share/prims/jni.cpp, line 615]
Event: 293.276 Thread 0x000001acce5f7000 Exception <a 'sun/nio/fs/WindowsException'{0x00000000ed9f65e0}> (0x00000000ed9f65e0) thrown at [t:/workspace/open/src/hotspot/share/prims/jni.cpp, line 615]
Event: 293.316 Thread 0x000001acce5f7000 Exception <a 'sun/nio/fs/WindowsException'{0x00000000ed7973f8}> (0x00000000ed7973f8) thrown at [t:/workspace/open/src/hotspot/share/prims/jni.cpp, line 615]

Events (10 events):
Event: 293.392 Thread 0x000001acce653000 DEOPT PACKING pc=0x000001acb5ad0314 sp=0x000000a388ffd6d0
Event: 293.392 Thread 0x000001acce653000 DEOPT UNPACKING pc=0x000001acb53f99ce sp=0x000000a388ffcc20 mode 0
Event: 293.395 Thread 0x000001acce653000 DEOPT PACKING pc=0x000001acb5ad0314 sp=0x000000a388ffd6d0
Event: 293.395 Thread 0x000001acce653000 DEOPT UNPACKING pc=0x000001acb53f99ce sp=0x000000a388ffcc20 mode 0
Event: 293.399 Thread 0x000001acce64d800 Thread added: 0x000001acce64d800
Event: 293.402 Thread 0x000001acce654000 Thread added: 0x000001acce654000
Event: 293.406 Thread 0x000001accd138800 Thread added: 0x000001accd138800
Event: 293.406 Thread 0x000001accd134000 Thread added: 0x000001accd134000
Event: 293.406 Thread 0x000001accd137000 Thread added: 0x000001accd137000
Event: 293.406 Thread 0x000001accd138000 Thread added: 0x000001accd138000


Dynamic libraries:
0x00007ff6a63f0000 - 0x00007ff6a63ff000 	C:\Program Files\Java\jdk-12.0.2\bin\java.exe
0x00007ffd24400000 - 0x00007ffd245f0000 	C:\WINDOWS\SYSTEM32\ntdll.dll
0x00007ffd241f0000 - 0x00007ffd242a2000 	C:\WINDOWS\System32\KERNEL32.DLL
0x00007ffd214e0000 - 0x00007ffd21783000 	C:\WINDOWS\System32\KERNELBASE.dll
0x00007ffd213c0000 - 0x00007ffd214ba000 	C:\WINDOWS\System32\ucrtbase.dll
0x00007ffd1e000000 - 0x00007ffd1e018000 	C:\Program Files\Java\jdk-12.0.2\bin\jli.dll
0x00007ffd02210000 - 0x00007ffd02226000 	C:\Program Files\Java\jdk-12.0.2\bin\VCRUNTIME140.dll
0x00007ffd22ae0000 - 0x00007ffd22b83000 	C:\WINDOWS\System32\ADVAPI32.dll
0x00007ffd23640000 - 0x00007ffd236de000 	C:\WINDOWS\System32\msvcrt.dll
0x00007ffd24320000 - 0x00007ffd243b7000 	C:\WINDOWS\System32\sechost.dll
0x00007ffd22bf0000 - 0x00007ffd22d10000 	C:\WINDOWS\System32\RPCRT4.dll
0x00007ffd22890000 - 0x00007ffd22a24000 	C:\WINDOWS\System32\USER32.dll
0x00007ffd21d00000 - 0x00007ffd21d21000 	C:\WINDOWS\System32\win32u.dll
0x00007ffd121a0000 - 0x00007ffd12425000 	C:\WINDOWS\WinSxS\amd64_microsoft.windows.common-controls_6595b64144ccf1df_6.0.18362.720_none_e6beb5c51314836b\COMCTL32.dll
0x00007ffd23ad0000 - 0x00007ffd23af6000 	C:\WINDOWS\System32\GDI32.dll
0x00007ffd22dc0000 - 0x00007ffd230f6000 	C:\WINDOWS\System32\combase.dll
0x00007ffd217e0000 - 0x00007ffd21974000 	C:\WINDOWS\System32\gdi32full.dll
0x00007ffd21980000 - 0x00007ffd21a00000 	C:\WINDOWS\System32\bcryptPrimitives.dll
0x00007ffd21c00000 - 0x00007ffd21c9e000 	C:\WINDOWS\System32\msvcp_win.dll
0x00007ffd1cb70000 - 0x00007ffd1cb7a000 	C:\WINDOWS\SYSTEM32\VERSION.dll
0x00007ffd22d10000 - 0x00007ffd22d3e000 	C:\WINDOWS\System32\IMM32.DLL
0x00007ffcee360000 - 0x00007ffcee40a000 	C:\Program Files\Java\jdk-12.0.2\bin\msvcp140.dll
0x00007ffcd8290000 - 0x00007ffcd8e07000 	C:\Program Files\Java\jdk-12.0.2\bin\server\jvm.dll
0x00007ffd239d0000 - 0x00007ffd239d8000 	C:\WINDOWS\System32\PSAPI.DLL
0x00007ffd0c210000 - 0x00007ffd0c219000 	C:\WINDOWS\SYSTEM32\WSOCK32.dll
0x00007ffd1c4b0000 - 0x00007ffd1c4d4000 	C:\WINDOWS\SYSTEM32\WINMM.dll
0x00007ffd242b0000 - 0x00007ffd2431f000 	C:\WINDOWS\System32\WS2_32.dll
0x00007ffd1c480000 - 0x00007ffd1c4ad000 	C:\WINDOWS\SYSTEM32\winmmbase.dll
0x00007ffd21790000 - 0x00007ffd217da000 	C:\WINDOWS\System32\cfgmgr32.dll
0x00007ffd21320000 - 0x00007ffd21331000 	C:\WINDOWS\System32\kernel.appcore.dll
0x00007ffd000d0000 - 0x00007ffd000e1000 	C:\Program Files\Java\jdk-12.0.2\bin\verify.dll
0x00007ffd16060000 - 0x00007ffd16254000 	C:\WINDOWS\SYSTEM32\DBGHELP.DLL
0x00007ffd18750000 - 0x00007ffd1877a000 	C:\WINDOWS\SYSTEM32\dbgcore.DLL
0x00007ffcfa1c0000 - 0x00007ffcfa1e6000 	C:\Program Files\Java\jdk-12.0.2\bin\java.dll
0x00007ffcfb410000 - 0x00007ffcfb427000 	C:\Program Files\Java\jdk-12.0.2\bin\zip.dll
0x00007ffd06f70000 - 0x00007ffd06f7a000 	C:\Program Files\Java\jdk-12.0.2\bin\jimage.dll
0x00007ffd23b00000 - 0x00007ffd241e5000 	C:\WINDOWS\System32\SHELL32.dll
0x00007ffd236e0000 - 0x00007ffd23789000 	C:\WINDOWS\System32\shcore.dll
0x00007ffd21d30000 - 0x00007ffd224b0000 	C:\WINDOWS\System32\windows.storage.dll
0x00007ffd212f0000 - 0x00007ffd21313000 	C:\WINDOWS\System32\profapi.dll
0x00007ffd21340000 - 0x00007ffd2138a000 	C:\WINDOWS\System32\powrprof.dll
0x00007ffd212c0000 - 0x00007ffd212d0000 	C:\WINDOWS\System32\UMPDC.dll
0x00007ffd22b90000 - 0x00007ffd22be2000 	C:\WINDOWS\System32\shlwapi.dll
0x00007ffd214c0000 - 0x00007ffd214d7000 	C:\WINDOWS\System32\cryptsp.dll
0x00007ffcfaf70000 - 0x00007ffcfaf89000 	C:\Program Files\Java\jdk-12.0.2\bin\net.dll
0x00007ffd17080000 - 0x00007ffd17255000 	C:\WINDOWS\SYSTEM32\urlmon.dll
0x00007ffd12950000 - 0x00007ffd12a41000 	C:\WINDOWS\SYSTEM32\WINHTTP.dll
0x00007ffd16260000 - 0x00007ffd16506000 	C:\WINDOWS\SYSTEM32\iertutil.dll
0x00007ffd20d00000 - 0x00007ffd20d0c000 	C:\WINDOWS\SYSTEM32\CRYPTBASE.DLL
0x00007ffd20b30000 - 0x00007ffd20b97000 	C:\WINDOWS\system32\mswsock.dll
0x00007ffcfa6b0000 - 0x00007ffcfa6c3000 	C:\Program Files\Java\jdk-12.0.2\bin\nio.dll
0x00007ffd000f0000 - 0x00007ffd00116000 	C:\Users\Asus\.gradle\native\29\windows-amd64\native-platform.dll
0x00007ffd03470000 - 0x00007ffd03479000 	C:\Program Files\Java\jdk-12.0.2\bin\management.dll
0x00007ffd021d0000 - 0x00007ffd021dc000 	C:\Program Files\Java\jdk-12.0.2\bin\management_ext.dll
0x00007ffd206a0000 - 0x00007ffd206d3000 	C:\WINDOWS\system32\rsaenh.dll
0x00007ffd21390000 - 0x00007ffd213b6000 	C:\WINDOWS\System32\bcrypt.dll
0x00007ffd211e0000 - 0x00007ffd21205000 	C:\WINDOWS\SYSTEM32\USERENV.dll
0x00007ffd20840000 - 0x00007ffd2087a000 	C:\WINDOWS\SYSTEM32\IPHLPAPI.DLL
0x00007ffd238d0000 - 0x00007ffd238d8000 	C:\WINDOWS\System32\NSI.dll
0x00007ffd190e0000 - 0x00007ffd190f6000 	C:\WINDOWS\SYSTEM32\dhcpcsvc6.DLL
0x00007ffd1ae30000 - 0x00007ffd1ae4c000 	C:\WINDOWS\SYSTEM32\dhcpcsvc.DLL
0x00007ffd20880000 - 0x00007ffd2094a000 	C:\WINDOWS\SYSTEM32\DNSAPI.dll
0x00007ffd0d000000 - 0x00007ffd0d016000 	C:\WINDOWS\system32\napinsp.dll
0x00007ffd0cfe0000 - 0x00007ffd0cffa000 	C:\WINDOWS\system32\pnrpnsp.dll
0x00007ffd0cf30000 - 0x00007ffd0cf3e000 	C:\WINDOWS\System32\winrnr.dll
0x00007ffd1df00000 - 0x00007ffd1df1c000 	C:\WINDOWS\system32\NLAapi.dll
0x00007ffd0ce00000 - 0x00007ffd0ce15000 	C:\WINDOWS\system32\wshbth.dll
0x00007ffd118d0000 - 0x00007ffd118da000 	C:\Windows\System32\rasadhlp.dll
0x00007ffd18aa0000 - 0x00007ffd18b17000 	C:\WINDOWS\System32\fwpuclnt.dll

dbghelp: loaded successfully - version: 4.0.5 - missing functions: none
symbol engine: initialized successfully - sym options: 0x614 - pdb path: .;C:\Program Files\Java\jdk-12.0.2\bin;C:\WINDOWS\SYSTEM32;C:\WINDOWS\WinSxS\amd64_microsoft.windows.common-controls_6595b64144ccf1df_6.0.18362.720_none_e6beb5c51314836b;C:\Program Files\Java\jdk-12.0.2\bin\server;C:\Users\Asus\.gradle\native\29\windows-amd64

VM Arguments:
jvm_args: --add-opens=java.base/java.util=ALL-UNNAMED --add-opens=java.base/java.lang=ALL-UNNAMED --add-opens=java.base/java.lang.invoke=ALL-UNNAMED --add-opens=java.prefs/java.util.prefs=ALL-UNNAMED -XX:MaxMetaspaceSize=256m -XX:+HeapDumpOnOutOfMemoryError -Xms256m -Xmx512m -Dfile.encoding=windows-1252 -Duser.country=IN -Duser.language=en -Duser.variant 
java_command: org.gradle.launcher.daemon.bootstrap.GradleDaemon 5.3.1
java_class_path (initial): C:\Users\Asus\.gradle\wrapper\dists\gradle-5.3.1-bin\2mv1mot0raqcfrc13vm075008\gradle-5.3.1\lib\gradle-launcher-5.3.1.jar
Launcher Type: SUN_STANDARD

[Global flags]
     intx CICompilerCount                          = 4                                         {product} {ergonomic}
   size_t CompressedClassSpaceSize                 = 260046848                                 {product} {ergonomic}
     uint ConcGCThreads                            = 2                                         {product} {ergonomic}
     uint G1ConcRefinementThreads                  = 8                                         {product} {ergonomic}
   size_t G1HeapRegionSize                         = 1048576                                   {product} {ergonomic}
    uintx GCDrainStackTargetSize                   = 64                                        {product} {ergonomic}
     bool HeapDumpOnOutOfMemoryError               = true                                   {manageable} {command line}
   size_t InitialHeapSize                          = 268435456                                 {product} {command line}
   size_t MarkStackSize                            = 4194304                                   {product} {ergonomic}
   size_t MaxHeapSize                              = 536870912                                 {product} {command line}
   size_t MaxMetaspaceSize                         = 268435456                                 {product} {command line}
   size_t MaxNewSize                               = 321912832                                 {product} {ergonomic}
   size_t MinHeapDeltaBytes                        = 1048576                                   {product} {ergonomic}
    uintx NonNMethodCodeHeapSize                   = 5836300                                {pd product} {ergonomic}
    uintx NonProfiledCodeHeapSize                  = 122910970                              {pd product} {ergonomic}
    uintx ProfiledCodeHeapSize                     = 122910970                              {pd product} {ergonomic}
    uintx ReservedCodeCacheSize                    = 251658240                              {pd product} {ergonomic}
     bool SegmentedCodeCache                       = true                                      {product} {ergonomic}
     bool UseCompressedClassPointers               = true                                 {lp64_product} {ergonomic}
     bool UseCompressedOops                        = true                                 {lp64_product} {ergonomic}
     bool UseG1GC                                  = true                                      {product} {ergonomic}
     bool UseLargePagesIndividualAllocation        = false                                  {pd product} {ergonomic}

Logging:
Log output configuration:
 #0: stdout all=warning uptime,level,tags
 #1: stderr all=off uptime,level,tags

Environment Variables:
PATH=C:\Program Files (x86)\Intel\iCLS Client\;C:\Program Files\Intel\iCLS Client\;C:\Windows\system32;C:\Windows;C:\Windows\System32\Wbem;C:\Windows\System32\WindowsPowerShell\v1.0\;C:\Program Files (x86)\NVIDIA Corporation\PhysX\Common;C:\Program Files (x86)\Intel\Intel(R) Management Engine Components\DAL;C:\Program Files\Intel\Intel(R) Management Engine Components\DAL;C:\Program Files (x86)\Intel\Intel(R) Management Engine Components\IPT;C:\Program Files\Intel\Intel(R) Management Engine Components\IPT;C:\Program Files\Intel\WiFi\bin\;C:\Program Files\Common Files\Intel\WirelessCommon\;C:\WINDOWS\system32;C:\WINDOWS;C:\WINDOWS\System32\Wbem;C:\WINDOWS\System32\WindowsPowerShell\v1.0\;C:\Program Files\Git\cmd;C:\WINDOWS\System32\OpenSSH\;C:\Program Files\NVIDIA Corporation\NVIDIA NvDLISR;C:\WINDOWS\system32;C:\WINDOWS;C:\WINDOWS\System32\Wbem;C:\WINDOWS\System32\WindowsPowerShell\v1.0\;C:\WINDOWS\System32\OpenSSH\;C:\Users\Asus\AppData\Local\Microsoft\WindowsApps;C:\Program Files\Java\jdk-12.0.2\bin;
USERNAME=DEEPANSHU
OS=Windows_NT
PROCESSOR_IDENTIFIER=Intel64 Family 6 Model 158 Stepping 9, GenuineIntel



---------------  S Y S T E M  ---------------

OS: Windows 10 , 64 bit Build 18362 (10.0.18362.329)

CPU:total 8 (initial active 8) (4 cores per cpu, 2 threads per core) family 6 model 158 stepping 9, cmov, cx8, fxsr, mmx, sse, sse2, sse3, ssse3, sse4.1, sse4.2, popcnt, avx, avx2, aes, clmul, erms, 3dnowpref, lzcnt, ht, tsc, tscinvbit, bmi1, bmi2, adx, fma

Memory: 4k page, system-wide physical 8075M (1811M free)
TotalPageFile size 8075M (AvailPageFile size 217M)
current process WorkingSet (physical memory assigned to process): 445M, peak: 448M
current process commit charge ("private bytes"): 537M, peak: 543M

vm_info: Java HotSpot(TM) 64-Bit Server VM (12.0.2+10) for windows-amd64 JRE (12.0.2+10), built on Jul 16 2019 01:56:17 by "mach5one" with MS VC++ 15.5 (VS2017)

END.
