#
# There is insufficient memory for the Java Runtime Environment to continue.
# Native memory allocation (mmap) failed to map 134217728 bytes for Failed to commit area from 0x0000000081c00000 to 0x0000000089c00000 of length 134217728.
# Possible reasons:
#   The system is out of physical RAM or swap space
#   The process is running with CompressedOops enabled, and the Java Heap may be blocking the growth of the native heap
# Possible solutions:
#   Reduce memory load on the system
#   Increase physical memory or swap space
#   Check if swap backing store is full
#   Decrease Java heap size (-Xmx/-Xms)
#   Decrease number of Java threads
#   Decrease Java thread stack sizes (-Xss)
#   Set larger code cache with -XX:ReservedCodeCacheSize=
# This output file may be truncated or incomplete.
#
#  Out of Memory Error (t:/workspace/open/src/hotspot/os/windows/os_windows.cpp:3264), pid=4044, tid=4508
#
# JRE version:  (12.0.2+10) (build )
# Java VM: Java HotSpot(TM) 64-Bit Server VM (12.0.2+10, mixed mode, aot, sharing, tiered, compressed oops, g1 gc, windows-amd64)
# No core dump will be written. Minidumps are not enabled by default on client versions of Windows
#

---------------  S U M M A R Y ------------

Command Line: -javaagent:C:\Users\Asus\AppData\Local\JetBrains\Toolbox\apps\IDEA-U\ch-0\193.6911.18\lib\idea_rt.jar=50632:C:\Users\Asus\AppData\Local\JetBrains\Toolbox\apps\IDEA-U\ch-0\193.6911.18\bin -Dfile.encoding=UTF-8 bot.SimpleBot

Host: Intel(R) Core(TM) i7-7700HQ CPU @ 2.80GHz, 8 cores, 7G,  Windows 10 , 64 bit Build 18362 (10.0.18362.329)
Time: Wed Apr  8 18:08:29 2020 Bangladesh Standard Time elapsed time: 0 seconds (0d 0h 0m 0s)

---------------  T H R E A D  ---------------

Current thread (0x0000021f6ea27000):  JavaThread "Unknown thread" [_thread_in_vm, id=4508, stack(0x0000007f10d00000,0x0000007f10e00000)]

Stack: [0x0000007f10d00000,0x0000007f10e00000]
Native frames: (J=compiled Java code, j=interpreted, Vv=VM code, C=native code)
V  [jvm.dll+0x63aa2a]
V  [jvm.dll+0x78ce1e]
V  [jvm.dll+0x78e4c1]
V  [jvm.dll+0x78eb13]
V  [jvm.dll+0x2627e8]
V  [jvm.dll+0x637f5a]
V  [jvm.dll+0x62c845]
V  [jvm.dll+0x31e49c]
V  [jvm.dll+0x31e2cf]
V  [jvm.dll+0x324006]
V  [jvm.dll+0x371f56]
V  [jvm.dll+0x371720]
V  [jvm.dll+0x2f845a]
V  [jvm.dll+0x2f96d2]
V  [jvm.dll+0x767267]
V  [jvm.dll+0x7689f5]
V  [jvm.dll+0x380059]
V  [jvm.dll+0x74b794]
V  [jvm.dll+0x3ef5cd]
V  [jvm.dll+0x3f1471]
C  [jli.dll+0x51cf]
C  [ucrtbase.dll+0x20e72]
C  [KERNEL32.DLL+0x17bd4]
C  [ntdll.dll+0x6ced1]


---------------  P R O C E S S  ---------------

Threads class SMR info:
_java_thread_list=0x00007ffdae7a7928, length=0, elements={
}

Java Threads: ( => current thread )

Other Threads:
  0x0000021f6ea65800 GCTaskThread "GC Thread#0" [stack: 0x0000007f10e00000,0x0000007f10f00000] [id=4512]
  0x0000021f6ea73000 ConcurrentGCThread "G1 Main Marker" [stack: 0x0000007f10f00000,0x0000007f11000000] [id=4496]
  0x0000021f6ea76800 ConcurrentGCThread "G1 Conc#0" [stack: 0x0000007f11000000,0x0000007f11100000] [id=8580]

[error occurred during error reporting (printing all threads), id 0xc0000005, EXCEPTION_ACCESS_VIOLATION (0xc0000005) at pc=0x00007ffdadfd85e7]

VM state:not at safepoint (not fully initialized)

VM Mutex/Monitor currently owned by a thread:  ([mutex/lock_event])
[0x0000021f6ea24740] Heap_lock - owner thread: 0x0000021f6ea27000

Heap address: 0x0000000081c00000, size: 2020 MB, Compressed Oops mode: Non-zero based: 0x0000000081c00000
Narrow klass base: 0x0000000000000000, Narrow klass shift: 0

GC Heap History (0 events):
No events

Deoptimization events (0 events):
No events

Classes redefined (0 events):
No events

Internal exceptions (0 events):
No events

Events (0 events):
No events


Dynamic libraries:
0x00007ff691560000 - 0x00007ff69156f000 	C:\Program Files\Java\jdk-12.0.2\bin\java.exe
0x00007ffde6560000 - 0x00007ffde6750000 	C:\WINDOWS\SYSTEM32\ntdll.dll
0x00007ffde4f70000 - 0x00007ffde5022000 	C:\WINDOWS\System32\KERNEL32.DLL
0x00007ffde3740000 - 0x00007ffde39e3000 	C:\WINDOWS\System32\KERNELBASE.dll
0x00007ffde3c50000 - 0x00007ffde3d4a000 	C:\WINDOWS\System32\ucrtbase.dll
0x00007ffde0020000 - 0x00007ffde0036000 	C:\Program Files\Java\jdk-12.0.2\bin\VCRUNTIME140.dll
0x00007ffde0040000 - 0x00007ffde0058000 	C:\Program Files\Java\jdk-12.0.2\bin\jli.dll
0x00007ffde4df0000 - 0x00007ffde4e93000 	C:\WINDOWS\System32\ADVAPI32.dll
0x00007ffde4be0000 - 0x00007ffde4c7e000 	C:\WINDOWS\System32\msvcrt.dll
0x00007ffde62d0000 - 0x00007ffde6367000 	C:\WINDOWS\System32\sechost.dll
0x00007ffde5800000 - 0x00007ffde5920000 	C:\WINDOWS\System32\RPCRT4.dll
0x00007ffde6080000 - 0x00007ffde6214000 	C:\WINDOWS\System32\USER32.dll
0x00007ffdd4730000 - 0x00007ffdd49b5000 	C:\WINDOWS\WinSxS\amd64_microsoft.windows.common-controls_6595b64144ccf1df_6.0.18362.720_none_e6beb5c51314836b\COMCTL32.dll
0x00007ffde34f0000 - 0x00007ffde3511000 	C:\WINDOWS\System32\win32u.dll
0x00007ffde5c00000 - 0x00007ffde5f36000 	C:\WINDOWS\System32\combase.dll
0x00007ffde4bb0000 - 0x00007ffde4bd6000 	C:\WINDOWS\System32\GDI32.dll
0x00007ffde35a0000 - 0x00007ffde3734000 	C:\WINDOWS\System32\gdi32full.dll
0x00007ffde3520000 - 0x00007ffde35a0000 	C:\WINDOWS\System32\bcryptPrimitives.dll
0x00007ffde39f0000 - 0x00007ffde3a8e000 	C:\WINDOWS\System32\msvcp_win.dll
0x00007ffddd7a0000 - 0x00007ffddd7aa000 	C:\WINDOWS\SYSTEM32\VERSION.dll
0x00007ffde62a0000 - 0x00007ffde62ce000 	C:\WINDOWS\System32\IMM32.DLL
0x00007ffdde7f0000 - 0x00007ffdde89a000 	C:\Program Files\Java\jdk-12.0.2\bin\msvcp140.dll
0x00007ffdadcd0000 - 0x00007ffdae847000 	C:\Program Files\Java\jdk-12.0.2\bin\server\jvm.dll
0x00007ffde4c80000 - 0x00007ffde4c88000 	C:\WINDOWS\System32\PSAPI.DLL
0x00007ffdcc9c0000 - 0x00007ffdcc9c9000 	C:\WINDOWS\SYSTEM32\WSOCK32.dll
0x00007ffde5790000 - 0x00007ffde57ff000 	C:\WINDOWS\System32\WS2_32.dll
0x00007ffde00c0000 - 0x00007ffde00e4000 	C:\WINDOWS\SYSTEM32\WINMM.dll
0x00007ffde0090000 - 0x00007ffde00bd000 	C:\WINDOWS\SYSTEM32\WINMMBASE.dll
0x00007ffde3a90000 - 0x00007ffde3ada000 	C:\WINDOWS\System32\cfgmgr32.dll
0x00007ffde34d0000 - 0x00007ffde34e1000 	C:\WINDOWS\System32\kernel.appcore.dll
0x00007ffde0000000 - 0x00007ffde0011000 	C:\Program Files\Java\jdk-12.0.2\bin\verify.dll
0x00007ffdd3040000 - 0x00007ffdd3234000 	C:\WINDOWS\SYSTEM32\DBGHELP.DLL
0x00007ffdd3010000 - 0x00007ffdd303a000 	C:\WINDOWS\SYSTEM32\dbgcore.DLL
0x00007ffdde7c0000 - 0x00007ffdde7e6000 	C:\Program Files\Java\jdk-12.0.2\bin\java.dll
0x00007ffdde730000 - 0x00007ffdde73e000 	C:\Program Files\Java\jdk-12.0.2\bin\instrument.dll
0x00007ffdde7a0000 - 0x00007ffdde7b7000 	C:\Program Files\Java\jdk-12.0.2\bin\zip.dll
0x00007ffddeae0000 - 0x00007ffddeaea000 	C:\Program Files\Java\jdk-12.0.2\bin\jimage.dll

dbghelp: loaded successfully - version: 4.0.5 - missing functions: none
symbol engine: initialized successfully - sym options: 0x614 - pdb path: .;C:\Program Files\Java\jdk-12.0.2\bin;C:\WINDOWS\SYSTEM32;C:\WINDOWS\WinSxS\amd64_microsoft.windows.common-controls_6595b64144ccf1df_6.0.18362.720_none_e6beb5c51314836b;C:\Program Files\Java\jdk-12.0.2\bin\server

VM Arguments:
jvm_args: -javaagent:C:\Users\Asus\AppData\Local\JetBrains\Toolbox\apps\IDEA-U\ch-0\193.6911.18\lib\idea_rt.jar=50632:C:\Users\Asus\AppData\Local\JetBrains\Toolbox\apps\IDEA-U\ch-0\193.6911.18\bin -Dfile.encoding=UTF-8 
java_command: bot.SimpleBot
java_class_path (initial): C:\Users\Asus\IdeaProjects\Simple Chatty Bot\Simple Chatty Bot\task\out\production\classes;C:\Users\Asus\.gradle\caches\modules-2\files-2.1\com.github.stefanbirkner\system-rules\1.19.0\d541c9a1cff0dda32e2436c74562e2e4aa6c88cd\system-rules-1.19.0.jar;C:\Users\Asus\.gradle\caches\modules-2\files-2.1\junit\junit\4.11\4e031bb61df09069aeb2bffb4019e7a5034a4ee0\junit-4.11.jar;C:\Users\Asus\.gradle\caches\modules-2\files-2.1\org.hamcrest\hamcrest-core\1.3\42a25dc3219429f0e5d060061f71acb49bf010a0\hamcrest-core-1.3.jar
Launcher Type: SUN_STANDARD

[Global flags]
     intx CICompilerCount                          = 4                                         {product} {ergonomic}
     uint ConcGCThreads                            = 2                                         {product} {ergonomic}
     uint G1ConcRefinementThreads                  = 8                                         {product} {ergonomic}
   size_t G1HeapRegionSize                         = 1048576                                   {product} {ergonomic}
    uintx GCDrainStackTargetSize                   = 64                                        {product} {ergonomic}
   size_t InitialHeapSize                          = 134217728                                 {product} {ergonomic}
   size_t MarkStackSize                            = 4194304                                   {product} {ergonomic}
   size_t MaxHeapSize                              = 2118123520                                {product} {ergonomic}
   size_t MinHeapDeltaBytes                        = 1048576                                   {product} {ergonomic}
    uintx NonNMethodCodeHeapSize                   = 5836300                                {pd product} {ergonomic}
    uintx NonProfiledCodeHeapSize                  = 122910970                              {pd product} {ergonomic}
    uintx ProfiledCodeHeapSize                     = 122910970                              {pd product} {ergonomic}
    uintx ReservedCodeCacheSize                    = 251658240                              {pd product} {ergonomic}
     bool SegmentedCodeCache                       = true                                      {product} {ergonomic}
     bool UseCompressedClassPointers               = true                                 {lp64_product} {ergonomic}
     bool UseCompressedOops                        = true                                 {lp64_product} {ergonomic}
     bool UseG1GC                                  = true                                      {product} {ergonomic}
     bool UseLargePagesIndividualAllocation        = false                                  {pd product} {ergonomic}

Logging:
Log output configuration:
 #0: stdout all=warning uptime,level,tags
 #1: stderr all=off uptime,level,tags

Environment Variables:
PATH=C:\Program Files (x86)\Intel\iCLS Client\;C:\Program Files\Intel\iCLS Client\;C:\Windows\system32;C:\Windows;C:\Windows\System32\Wbem;C:\Windows\System32\WindowsPowerShell\v1.0\;C:\Program Files (x86)\NVIDIA Corporation\PhysX\Common;C:\Program Files (x86)\Intel\Intel(R) Management Engine Components\DAL;C:\Program Files\Intel\Intel(R) Management Engine Components\DAL;C:\Program Files (x86)\Intel\Intel(R) Management Engine Components\IPT;C:\Program Files\Intel\Intel(R) Management Engine Components\IPT;C:\Program Files\Intel\WiFi\bin\;C:\Program Files\Common Files\Intel\WirelessCommon\;C:\WINDOWS\system32;C:\WINDOWS;C:\WINDOWS\System32\Wbem;C:\WINDOWS\System32\WindowsPowerShell\v1.0\;C:\Program Files\Git\cmd;C:\WINDOWS\System32\OpenSSH\;C:\Program Files\NVIDIA Corporation\NVIDIA NvDLISR;C:\WINDOWS\system32;C:\WINDOWS;C:\WINDOWS\System32\Wbem;C:\WINDOWS\System32\WindowsPowerShell\v1.0\;C:\WINDOWS\System32\OpenSSH\;C:\Users\Asus\AppData\Local\Microsoft\WindowsApps;C:\Program Files\Java\jdk-12.0.2\bin;
USERNAME=DEEPANSHU
OS=Windows_NT
PROCESSOR_IDENTIFIER=Intel64 Family 6 Model 158 Stepping 9, GenuineIntel



---------------  S Y S T E M  ---------------

OS: Windows 10 , 64 bit Build 18362 (10.0.18362.329)

CPU:total 8 (initial active 8) (4 cores per cpu, 2 threads per core) family 6 model 158 stepping 9, cmov, cx8, fxsr, mmx, sse, sse2, sse3, ssse3, sse4.1, sse4.2, popcnt, avx, avx2, aes, clmul, erms, 3dnowpref, lzcnt, ht, tsc, tscinvbit, bmi1, bmi2, adx, fma

Memory: 4k page, system-wide physical 8075M (2182M free)
TotalPageFile size 8075M (AvailPageFile size 64M)
current process WorkingSet (physical memory assigned to process): 10M, peak: 10M
current process commit charge ("private bytes"): 60M, peak: 188M

vm_info: Java HotSpot(TM) 64-Bit Server VM (12.0.2+10) for windows-amd64 JRE (12.0.2+10), built on Jul 16 2019 01:56:17 by "mach5one" with MS VC++ 15.5 (VS2017)

END.
