#
# There is insufficient memory for the Java Runtime Environment to continue.
# Native memory allocation (malloc) failed to allocate 448816 bytes for Chunk::new
# Possible reasons:
#   The system is out of physical RAM or swap space
#   The process is running with CompressedOops enabled, and the Java Heap may be blocking the growth of the native heap
# Possible solutions:
#   Reduce memory load on the system
#   Increase physical memory or swap space
#   Check if swap backing store is full
#   Decrease Java heap size (-Xmx/-Xms)
#   Decrease number of Java threads
#   Decrease Java thread stack sizes (-Xss)
#   Set larger code cache with -XX:ReservedCodeCacheSize=
#   JVM is running with Unscaled Compressed Oops mode in which the Java heap is
#     placed in the first 4GB address space. The Java Heap base address is the
#     maximum limit for the native heap growth. Please use -XX:HeapBaseMinAddress
#     to set the Java Heap base and to place the Java Heap above 4GB virtual address.
# This output file may be truncated or incomplete.
#
#  Out of Memory Error (t:/workspace/open/src/hotspot/share/memory/arena.cpp:197), pid=8604, tid=16712
#
# JRE version: Java(TM) SE Runtime Environment (12.0.2+10) (build 12.0.2+10)
# Java VM: Java HotSpot(TM) 64-Bit Server VM (12.0.2+10, mixed mode, sharing, tiered, compressed oops, g1 gc, windows-amd64)
# No core dump will be written. Minidumps are not enabled by default on client versions of Windows
#

---------------  S U M M A R Y ------------

Command Line: -Xmx64m -Dorg.gradle.appname=gradlew org.gradle.wrapper.GradleWrapperMain :Simple_Chatty_Bot-task:testClasses

Host: Intel(R) Core(TM) i7-7700HQ CPU @ 2.80GHz, 8 cores, 7G,  Windows 10 , 64 bit Build 18362 (10.0.18362.329)
Time: Wed Apr  8 20:12:42 2020 Bangladesh Standard Time elapsed time: 1 seconds (0d 0h 0m 1s)

---------------  T H R E A D  ---------------

Current thread (0x000001ffc0478000):  JavaThread "C2 CompilerThread0" daemon [_thread_in_native, id=16712, stack(0x000000c187400000,0x000000c187500000)]


Current CompileTask:
C2:   1047  678   !   4       jdk.internal.loader.URLClassPath$JarLoader::getResource (65 bytes)

Stack: [0x000000c187400000,0x000000c187500000]
Native frames: (J=compiled Java code, j=interpreted, Vv=VM code, C=native code)
V  [jvm.dll+0x63aa2a]
V  [jvm.dll+0x78ce1e]
V  [jvm.dll+0x78e4c1]
V  [jvm.dll+0x78eb13]
V  [jvm.dll+0x2627e8]
V  [jvm.dll+0xc55cc]
V  [jvm.dll+0xc5b4c]
V  [jvm.dll+0x37a632]
V  [jvm.dll+0x3463d3]
V  [jvm.dll+0x34579a]
V  [jvm.dll+0x21c205]
V  [jvm.dll+0x21b3da]
V  [jvm.dll+0x199a20]
V  [jvm.dll+0x22a744]
V  [jvm.dll+0x228d98]
V  [jvm.dll+0x7512a0]
V  [jvm.dll+0x74a2c8]
V  [jvm.dll+0x639b16]
C  [ucrtbase.dll+0x20e72]
C  [KERNEL32.DLL+0x17bd4]
C  [ntdll.dll+0x6ced1]


---------------  P R O C E S S  ---------------

Threads class SMR info:
_java_thread_list=0x000001ffc1108600, length=12, elements={
0x000001ffa5965000, 0x000001ffc0454000, 0x000001ffc0457000, 0x000001ffc0473800,
0x000001ffc0476800, 0x000001ffc0478000, 0x000001ffc0480000, 0x000001ffc0482000,
0x000001ffc06c5800, 0x000001ffc06dc000, 0x000001ffc0e23800, 0x000001ffc110f000
}

Java Threads: ( => current thread )
  0x000001ffa5965000 JavaThread "main" [_thread_in_Java, id=15400, stack(0x000000c186900000,0x000000c186a00000)]
  0x000001ffc0454000 JavaThread "Reference Handler" daemon [_thread_blocked, id=16800, stack(0x000000c187000000,0x000000c187100000)]
  0x000001ffc0457000 JavaThread "Finalizer" daemon [_thread_blocked, id=17400, stack(0x000000c187100000,0x000000c187200000)]
  0x000001ffc0473800 JavaThread "Signal Dispatcher" daemon [_thread_blocked, id=15900, stack(0x000000c187200000,0x000000c187300000)]
  0x000001ffc0476800 JavaThread "Attach Listener" daemon [_thread_blocked, id=4792, stack(0x000000c187300000,0x000000c187400000)]
=>0x000001ffc0478000 JavaThread "C2 CompilerThread0" daemon [_thread_in_native, id=16712, stack(0x000000c187400000,0x000000c187500000)]
  0x000001ffc0480000 JavaThread "C1 CompilerThread0" daemon [_thread_blocked, id=12204, stack(0x000000c187500000,0x000000c187600000)]
  0x000001ffc0482000 JavaThread "Sweeper thread" daemon [_thread_blocked, id=13216, stack(0x000000c187600000,0x000000c187700000)]
  0x000001ffc06c5800 JavaThread "Service Thread" daemon [_thread_blocked, id=7240, stack(0x000000c187700000,0x000000c187800000)]
  0x000001ffc06dc000 JavaThread "Common-Cleaner" daemon [_thread_blocked, id=15608, stack(0x000000c187900000,0x000000c187a00000)]
  0x000001ffc0e23800 JavaThread "C2 CompilerThread1" daemon [_thread_blocked, id=1164, stack(0x000000c187a00000,0x000000c187b00000)]
  0x000001ffc110f000 JavaThread "pool-1-thread-1" [_thread_blocked, id=15052, stack(0x000000c187b00000,0x000000c187c00000)]

Other Threads:
  0x000001ffc0450800 VMThread "VM Thread" [stack: 0x000000c186f00000,0x000000c187000000] [id=17248]
  0x000001ffc06c7800 WatcherThread [stack: 0x000000c187800000,0x000000c187900000] [id=2716]
  0x000001ffa5980800 GCTaskThread "GC Thread#0" [stack: 0x000000c186a00000,0x000000c186b00000] [id=16580]
  0x000001ffa5982800 ConcurrentGCThread "G1 Main Marker" [stack: 0x000000c186b00000,0x000000c186c00000] [id=16708]
  0x000001ffa5986000 ConcurrentGCThread "G1 Conc#0" [stack: 0x000000c186c00000,0x000000c186d00000] [id=11272]
  0x000001ffa59ec800 ConcurrentGCThread "G1 Refine#0" [stack: 0x000000c186d00000,0x000000c186e00000] [id=16592]
  0x000001ffa59ee000 ConcurrentGCThread "G1 Young RemSet Sampling" [stack: 0x000000c186e00000,0x000000c186f00000] [id=3940]

Threads with active compile tasks:
C2 CompilerThread0   678   !   4       jdk.internal.loader.URLClassPath$JarLoader::getResource (65 bytes)

VM state:not at safepoint (normal execution)

VM Mutex/Monitor currently owned by a thread: None

Heap address: 0x00000000fc000000, size: 64 MB, Compressed Oops mode: 32-bit
Narrow klass base: 0x0000000800000000, Narrow klass shift: 3
Compressed class space size: 1073741824 Address: 0x0000000801190000

Heap:
 garbage-first heap   total 65536K, used 22528K [0x00000000fc000000, 0x0000000100000000)
  region size 1024K, 19 young (19456K), 0 survivors (0K)
 Metaspace       used 3773K, capacity 6393K, committed 6400K, reserved 1056768K
  class space    used 495K, capacity 768K, committed 768K, reserved 1048576K
Heap Regions: E=young(eden), S=young(survivor), O=old, HS=humongous(starts), HC=humongous(continues), CS=collection set, F=free, A=archive, TAMS=top-at-mark-start (previous, next)
|   0|0x00000000fc000000, 0x00000000fc100000, 0x00000000fc100000|100%|HS|  |TAMS 0x00000000fc000000, 0x00000000fc000000| Complete 
|   1|0x00000000fc100000, 0x00000000fc200000, 0x00000000fc200000|100%|HC|  |TAMS 0x00000000fc100000, 0x00000000fc100000| Complete 
|   2|0x00000000fc200000, 0x00000000fc300000, 0x00000000fc300000|100%|HS|  |TAMS 0x00000000fc200000, 0x00000000fc200000| Complete 
|   3|0x00000000fc300000, 0x00000000fc400000, 0x00000000fc400000|100%|HS|  |TAMS 0x00000000fc300000, 0x00000000fc300000| Complete 
|   4|0x00000000fc400000, 0x00000000fc500000, 0x00000000fc500000|100%|HC|  |TAMS 0x00000000fc400000, 0x00000000fc400000| Complete 
|   5|0x00000000fc500000, 0x00000000fc500000, 0x00000000fc600000|  0%| F|  |TAMS 0x00000000fc500000, 0x00000000fc500000| Untracked 
|   6|0x00000000fc600000, 0x00000000fc600000, 0x00000000fc700000|  0%| F|  |TAMS 0x00000000fc600000, 0x00000000fc600000| Untracked 
|   7|0x00000000fc700000, 0x00000000fc700000, 0x00000000fc800000|  0%| F|  |TAMS 0x00000000fc700000, 0x00000000fc700000| Untracked 
|   8|0x00000000fc800000, 0x00000000fc800000, 0x00000000fc900000|  0%| F|  |TAMS 0x00000000fc800000, 0x00000000fc800000| Untracked 
|   9|0x00000000fc900000, 0x00000000fc900000, 0x00000000fca00000|  0%| F|  |TAMS 0x00000000fc900000, 0x00000000fc900000| Untracked 
|  10|0x00000000fca00000, 0x00000000fca00000, 0x00000000fcb00000|  0%| F|  |TAMS 0x00000000fca00000, 0x00000000fca00000| Untracked 
|  11|0x00000000fcb00000, 0x00000000fcb00000, 0x00000000fcc00000|  0%| F|  |TAMS 0x00000000fcb00000, 0x00000000fcb00000| Untracked 
|  12|0x00000000fcc00000, 0x00000000fcc00000, 0x00000000fcd00000|  0%| F|  |TAMS 0x00000000fcc00000, 0x00000000fcc00000| Untracked 
|  13|0x00000000fcd00000, 0x00000000fcd00000, 0x00000000fce00000|  0%| F|  |TAMS 0x00000000fcd00000, 0x00000000fcd00000| Untracked 
|  14|0x00000000fce00000, 0x00000000fce00000, 0x00000000fcf00000|  0%| F|  |TAMS 0x00000000fce00000, 0x00000000fce00000| Untracked 
|  15|0x00000000fcf00000, 0x00000000fcf00000, 0x00000000fd000000|  0%| F|  |TAMS 0x00000000fcf00000, 0x00000000fcf00000| Untracked 
|  16|0x00000000fd000000, 0x00000000fd000000, 0x00000000fd100000|  0%| F|  |TAMS 0x00000000fd000000, 0x00000000fd000000| Untracked 
|  17|0x00000000fd100000, 0x00000000fd100000, 0x00000000fd200000|  0%| F|  |TAMS 0x00000000fd100000, 0x00000000fd100000| Untracked 
|  18|0x00000000fd200000, 0x00000000fd200000, 0x00000000fd300000|  0%| F|  |TAMS 0x00000000fd200000, 0x00000000fd200000| Untracked 
|  19|0x00000000fd300000, 0x00000000fd300000, 0x00000000fd400000|  0%| F|  |TAMS 0x00000000fd300000, 0x00000000fd300000| Untracked 
|  20|0x00000000fd400000, 0x00000000fd400000, 0x00000000fd500000|  0%| F|  |TAMS 0x00000000fd400000, 0x00000000fd400000| Untracked 
|  21|0x00000000fd500000, 0x00000000fd500000, 0x00000000fd600000|  0%| F|  |TAMS 0x00000000fd500000, 0x00000000fd500000| Untracked 
|  22|0x00000000fd600000, 0x00000000fd600000, 0x00000000fd700000|  0%| F|  |TAMS 0x00000000fd600000, 0x00000000fd600000| Untracked 
|  23|0x00000000fd700000, 0x00000000fd700000, 0x00000000fd800000|  0%| F|  |TAMS 0x00000000fd700000, 0x00000000fd700000| Untracked 
|  24|0x00000000fd800000, 0x00000000fd800000, 0x00000000fd900000|  0%| F|  |TAMS 0x00000000fd800000, 0x00000000fd800000| Untracked 
|  25|0x00000000fd900000, 0x00000000fd900000, 0x00000000fda00000|  0%| F|  |TAMS 0x00000000fd900000, 0x00000000fd900000| Untracked 
|  26|0x00000000fda00000, 0x00000000fda00000, 0x00000000fdb00000|  0%| F|  |TAMS 0x00000000fda00000, 0x00000000fda00000| Untracked 
|  27|0x00000000fdb00000, 0x00000000fdb00000, 0x00000000fdc00000|  0%| F|  |TAMS 0x00000000fdb00000, 0x00000000fdb00000| Untracked 
|  28|0x00000000fdc00000, 0x00000000fdc00000, 0x00000000fdd00000|  0%| F|  |TAMS 0x00000000fdc00000, 0x00000000fdc00000| Untracked 
|  29|0x00000000fdd00000, 0x00000000fdd00000, 0x00000000fde00000|  0%| F|  |TAMS 0x00000000fdd00000, 0x00000000fdd00000| Untracked 
|  30|0x00000000fde00000, 0x00000000fde00000, 0x00000000fdf00000|  0%| F|  |TAMS 0x00000000fde00000, 0x00000000fde00000| Untracked 
|  31|0x00000000fdf00000, 0x00000000fdf00000, 0x00000000fe000000|  0%| F|  |TAMS 0x00000000fdf00000, 0x00000000fdf00000| Untracked 
|  32|0x00000000fe000000, 0x00000000fe000000, 0x00000000fe100000|  0%| F|  |TAMS 0x00000000fe000000, 0x00000000fe000000| Untracked 
|  33|0x00000000fe100000, 0x00000000fe100000, 0x00000000fe200000|  0%| F|  |TAMS 0x00000000fe100000, 0x00000000fe100000| Untracked 
|  34|0x00000000fe200000, 0x00000000fe200000, 0x00000000fe300000|  0%| F|  |TAMS 0x00000000fe200000, 0x00000000fe200000| Untracked 
|  35|0x00000000fe300000, 0x00000000fe300000, 0x00000000fe400000|  0%| F|  |TAMS 0x00000000fe300000, 0x00000000fe300000| Untracked 
|  36|0x00000000fe400000, 0x00000000fe400000, 0x00000000fe500000|  0%| F|  |TAMS 0x00000000fe400000, 0x00000000fe400000| Untracked 
|  37|0x00000000fe500000, 0x00000000fe500000, 0x00000000fe600000|  0%| F|  |TAMS 0x00000000fe500000, 0x00000000fe500000| Untracked 
|  38|0x00000000fe600000, 0x00000000fe600000, 0x00000000fe700000|  0%| F|  |TAMS 0x00000000fe600000, 0x00000000fe600000| Untracked 
|  39|0x00000000fe700000, 0x00000000fe700000, 0x00000000fe800000|  0%| F|  |TAMS 0x00000000fe700000, 0x00000000fe700000| Untracked 
|  40|0x00000000fe800000, 0x00000000fe800000, 0x00000000fe900000|  0%| F|  |TAMS 0x00000000fe800000, 0x00000000fe800000| Untracked 
|  41|0x00000000fe900000, 0x00000000fe900000, 0x00000000fea00000|  0%| F|  |TAMS 0x00000000fe900000, 0x00000000fe900000| Untracked 
|  42|0x00000000fea00000, 0x00000000fea00000, 0x00000000feb00000|  0%| F|  |TAMS 0x00000000fea00000, 0x00000000fea00000| Untracked 
|  43|0x00000000feb00000, 0x00000000feb00000, 0x00000000fec00000|  0%| F|  |TAMS 0x00000000feb00000, 0x00000000feb00000| Untracked 
|  44|0x00000000fec00000, 0x00000000fec00000, 0x00000000fed00000|  0%| F|  |TAMS 0x00000000fec00000, 0x00000000fec00000| Untracked 
|  45|0x00000000fed00000, 0x00000000fed7dca0, 0x00000000fee00000| 49%| E|  |TAMS 0x00000000fed00000, 0x00000000fed00000| Complete 
|  46|0x00000000fee00000, 0x00000000fef00000, 0x00000000fef00000|100%| E|CS|TAMS 0x00000000fee00000, 0x00000000fee00000| Complete 
|  47|0x00000000fef00000, 0x00000000ff000000, 0x00000000ff000000|100%| E|CS|TAMS 0x00000000fef00000, 0x00000000fef00000| Complete 
|  48|0x00000000ff000000, 0x00000000ff100000, 0x00000000ff100000|100%| E|CS|TAMS 0x00000000ff000000, 0x00000000ff000000| Complete 
|  49|0x00000000ff100000, 0x00000000ff200000, 0x00000000ff200000|100%| E|CS|TAMS 0x00000000ff100000, 0x00000000ff100000| Complete 
|  50|0x00000000ff200000, 0x00000000ff300000, 0x00000000ff300000|100%| E|CS|TAMS 0x00000000ff200000, 0x00000000ff200000| Complete 
|  51|0x00000000ff300000, 0x00000000ff400000, 0x00000000ff400000|100%| E|CS|TAMS 0x00000000ff300000, 0x00000000ff300000| Complete 
|  52|0x00000000ff400000, 0x00000000ff500000, 0x00000000ff500000|100%| E|CS|TAMS 0x00000000ff400000, 0x00000000ff400000| Complete 
|  53|0x00000000ff500000, 0x00000000ff600000, 0x00000000ff600000|100%| E|CS|TAMS 0x00000000ff500000, 0x00000000ff500000| Complete 
|  54|0x00000000ff600000, 0x00000000ff700000, 0x00000000ff700000|100%| E|  |TAMS 0x00000000ff600000, 0x00000000ff600000| Complete 
|  55|0x00000000ff700000, 0x00000000ff800000, 0x00000000ff800000|100%| E|CS|TAMS 0x00000000ff700000, 0x00000000ff700000| Complete 
|  56|0x00000000ff800000, 0x00000000ff900000, 0x00000000ff900000|100%| E|CS|TAMS 0x00000000ff800000, 0x00000000ff800000| Complete 
|  57|0x00000000ff900000, 0x00000000ffa00000, 0x00000000ffa00000|100%| E|CS|TAMS 0x00000000ff900000, 0x00000000ff900000| Complete 
|  58|0x00000000ffa00000, 0x00000000ffb00000, 0x00000000ffb00000|100%| E|CS|TAMS 0x00000000ffa00000, 0x00000000ffa00000| Complete 
|  59|0x00000000ffb00000, 0x00000000ffc00000, 0x00000000ffc00000|100%| E|CS|TAMS 0x00000000ffb00000, 0x00000000ffb00000| Complete 
|  60|0x00000000ffc00000, 0x00000000ffd00000, 0x00000000ffd00000|100%| E|CS|TAMS 0x00000000ffc00000, 0x00000000ffc00000| Complete 
|  61|0x00000000ffd00000, 0x00000000ffe00000, 0x00000000ffe00000|100%| E|CS|TAMS 0x00000000ffd00000, 0x00000000ffd00000| Complete 
|  62|0x00000000ffe00000, 0x00000000fff00000, 0x00000000fff00000|100%| E|CS|TAMS 0x00000000ffe00000, 0x00000000ffe00000| Complete 
|  63|0x00000000fff00000, 0x0000000100000000, 0x0000000100000000|100%| E|CS|TAMS 0x00000000fff00000, 0x00000000fff00000| Complete 

Card table byte_map: [0x000001ffa3950000,0x000001ffa3970000] _byte_map_base: 0x000001ffa3170000

Marking Bits (Prev, Next): (CMBitMap*) 0x000001ffa59814b8, (CMBitMap*) 0x000001ffa59814f8
 Prev Bits: [0x000001ffbd0a0000, 0x000001ffbd1a0000)
 Next Bits: [0x000001ffbd1a0000, 0x000001ffbd2a0000)

Polling page: 0x000001ffa3900000

Metaspace:

Usage:
  Non-class:      5.62 MB capacity,     3.35 MB ( 60%) used,     2.26 MB ( 40%) free+waste,     6.31 KB ( <1%) overhead. 
      Class:    800.00 KB capacity,   526.16 KB ( 66%) used,   269.96 KB ( 34%) free+waste,     3.88 KB ( <1%) overhead. 
       Both:      6.40 MB capacity,     3.87 MB ( 60%) used,     2.52 MB ( 39%) free+waste,    10.19 KB ( <1%) overhead. 

Virtual space:
  Non-class space:        8.00 MB reserved,       5.75 MB ( 72%) committed 
      Class space:        1.00 GB reserved,     896.00 KB ( <1%) committed 
             Both:        1.01 GB reserved,       6.63 MB ( <1%) committed 

Chunk freelists:
   Non-Class:  896 bytes
       Class:  0 bytes
        Both:  896 bytes

CodeHeap 'non-profiled nmethods': size=120000Kb used=258Kb max_used=258Kb free=119741Kb
 bounds [0x000001ffb5840000, 0x000001ffb5ab0000, 0x000001ffbcd70000]
CodeHeap 'profiled nmethods': size=120000Kb used=1444Kb max_used=1444Kb free=118555Kb
 bounds [0x000001ffae310000, 0x000001ffae580000, 0x000001ffb5840000]
CodeHeap 'non-nmethods': size=5760Kb used=1105Kb max_used=1117Kb free=4654Kb
 bounds [0x000001ffadd70000, 0x000001ffadfe0000, 0x000001ffae310000]
 total_blobs=1382 nmethods=781 adapters=316
 compilation: enabled
              stopped_count=0, restarted_count=0
 full_count=0

Compilation events (10 events):
Event: 1.042 Thread 0x000001ffc0e23800  727       4       java.util.HashMap::putVal (300 bytes)
Event: 1.043 Thread 0x000001ffc0480000 nmethod 729 0x000001ffae458990 code [0x000001ffae458d20, 0x000001ffae45a3a0]
Event: 1.043 Thread 0x000001ffc0480000  728       3       java.util.StringTokenizer::skipDelimiters (116 bytes)
Event: 1.044 Thread 0x000001ffc0480000 nmethod 728 0x000001ffae45ab90 code [0x000001ffae45ae60, 0x000001ffae45bc10]
Event: 1.044 Thread 0x000001ffc0480000  730       3       java.util.StringTokenizer::nextToken (92 bytes)
Event: 1.044 Thread 0x000001ffc0480000 nmethod 730 0x000001ffae45c110 code [0x000001ffae45c320, 0x000001ffae45c6c0]
Event: 1.044 Thread 0x000001ffc0480000  731       3       java.util.StringTokenizer::hasMoreTokens (29 bytes)
Event: 1.045 Thread 0x000001ffc0480000 nmethod 731 0x000001ffae45c810 code [0x000001ffae45c9e0, 0x000001ffae45cc10]
Event: 1.045 Thread 0x000001ffc0480000  732       3       java.nio.ByteBuffer::<init> (45 bytes)
Event: 1.045 Thread 0x000001ffc0480000 nmethod 732 0x000001ffae45cc90 code [0x000001ffae45ce60, 0x000001ffae45d0f0]

GC Heap History (0 events):
No events

Deoptimization events (1 events):
Event: 0.134 Thread 0x000001ffa5965000 Uncommon trap: reason=unstable_if action=reinterpret pc=0x000001ffb5844c3c method=java.lang.String.hashCode()I @ 14 c2

Classes redefined (0 events):
No events

Internal exceptions (2 events):
Event: 0.704 Thread 0x000001ffa5965000 Exception <a 'java/lang/NoSuchMethodError'{0x00000000ffc9b6b8}: java.lang.invoke.DirectMethodHandle$Holder.invokeSpecialIFC(Ljava/lang/Object;Ljava/lang/Object;I)I> (0x00000000ffc9b6b8) thrown at [t:/workspace/open/src/hotspot/share/interpreter/linkResolv
Event: 1.020 Thread 0x000001ffa5965000 Exception <a 'java/lang/NoSuchMethodError'{0x00000000ff074888}: java.lang.invoke.DirectMethodHandle$Holder.invokeVirtual(Ljava/lang/Object;Ljava/lang/Object;Ljava/lang/Object;Ljava/lang/Object;Ljava/lang/Object;)Ljava/lang/Object;> (0x00000000ff074888) th

Events (10 events):
Event: 1.042 loading class sun/util/resources/LocaleData$LocaleDataResourceBundleProvider done
Event: 1.042 loading class sun/util/resources/LocaleData$CommonResourceBundleProvider done
Event: 1.042 loading class java/util/ArrayList$SubList$1
Event: 1.042 loading class java/util/ArrayList$SubList$1 done
Event: 1.043 loading class sun/util/resources/Bundles$2
Event: 1.043 loading class sun/util/resources/Bundles$2 done
Event: 1.044 loading class java/lang/InstantiationException
Event: 1.044 loading class java/lang/InstantiationException done
Event: 1.044 loading class java/lang/InternalError
Event: 1.044 loading class java/lang/InternalError done


Dynamic libraries:
0x00007ff7e6c60000 - 0x00007ff7e6c6f000 	C:\Program Files\Java\jdk-12.0.2\bin\java.exe
0x00007ffc3f000000 - 0x00007ffc3f1f0000 	C:\WINDOWS\SYSTEM32\ntdll.dll
0x00007ffc3dd50000 - 0x00007ffc3de02000 	C:\WINDOWS\System32\KERNEL32.DLL
0x00007ffc3c330000 - 0x00007ffc3c5d3000 	C:\WINDOWS\System32\KERNELBASE.dll
0x00007ffc3c090000 - 0x00007ffc3c18a000 	C:\WINDOWS\System32\ucrtbase.dll
0x00007ffc09c30000 - 0x00007ffc09c48000 	C:\Program Files\Java\jdk-12.0.2\bin\jli.dll
0x00007ffc09bb0000 - 0x00007ffc09bc6000 	C:\Program Files\Java\jdk-12.0.2\bin\VCRUNTIME140.dll
0x00007ffc3df30000 - 0x00007ffc3dfd3000 	C:\WINDOWS\System32\ADVAPI32.dll
0x00007ffc3de10000 - 0x00007ffc3deae000 	C:\WINDOWS\System32\msvcrt.dll
0x00007ffc3d210000 - 0x00007ffc3d2a7000 	C:\WINDOWS\System32\sechost.dll
0x00007ffc3d900000 - 0x00007ffc3da20000 	C:\WINDOWS\System32\RPCRT4.dll
0x00007ffc3da30000 - 0x00007ffc3dbc4000 	C:\WINDOWS\System32\USER32.dll
0x00007ffc3c860000 - 0x00007ffc3c881000 	C:\WINDOWS\System32\win32u.dll
0x00007ffc2ce30000 - 0x00007ffc2d0b5000 	C:\WINDOWS\WinSxS\amd64_microsoft.windows.common-controls_6595b64144ccf1df_6.0.18362.720_none_e6beb5c51314836b\COMCTL32.dll
0x00007ffc3d2b0000 - 0x00007ffc3d2d6000 	C:\WINDOWS\System32\GDI32.dll
0x00007ffc3d440000 - 0x00007ffc3d776000 	C:\WINDOWS\System32\combase.dll
0x00007ffc3c5e0000 - 0x00007ffc3c774000 	C:\WINDOWS\System32\gdi32full.dll
0x00007ffc3c7e0000 - 0x00007ffc3c860000 	C:\WINDOWS\System32\bcryptPrimitives.dll
0x00007ffc3d010000 - 0x00007ffc3d0ae000 	C:\WINDOWS\System32\msvcp_win.dll
0x00007ffc36e70000 - 0x00007ffc36e7a000 	C:\WINDOWS\SYSTEM32\VERSION.dll
0x00007ffc3d7f0000 - 0x00007ffc3d81e000 	C:\WINDOWS\System32\IMM32.DLL
0x00007ffc08fe0000 - 0x00007ffc0908a000 	C:\Program Files\Java\jdk-12.0.2\bin\msvcp140.dll
0x00007ffbf1dd0000 - 0x00007ffbf2947000 	C:\Program Files\Java\jdk-12.0.2\bin\server\jvm.dll
0x00007ffc3d0c0000 - 0x00007ffc3d0c8000 	C:\WINDOWS\System32\PSAPI.DLL
0x00007ffc28400000 - 0x00007ffc28409000 	C:\WINDOWS\SYSTEM32\WSOCK32.dll
0x00007ffc37de0000 - 0x00007ffc37e04000 	C:\WINDOWS\SYSTEM32\WINMM.dll
0x00007ffc3d780000 - 0x00007ffc3d7ef000 	C:\WINDOWS\System32\WS2_32.dll
0x00007ffc37db0000 - 0x00007ffc37ddd000 	C:\WINDOWS\SYSTEM32\winmmbase.dll
0x00007ffc3c040000 - 0x00007ffc3c08a000 	C:\WINDOWS\System32\cfgmgr32.dll
0x00007ffc3bf00000 - 0x00007ffc3bf11000 	C:\WINDOWS\System32\kernel.appcore.dll
0x00007ffc09b00000 - 0x00007ffc09b11000 	C:\Program Files\Java\jdk-12.0.2\bin\verify.dll
0x00007ffc29d80000 - 0x00007ffc29f74000 	C:\WINDOWS\SYSTEM32\DBGHELP.DLL
0x00007ffc29d50000 - 0x00007ffc29d7a000 	C:\WINDOWS\SYSTEM32\dbgcore.DLL
0x00007ffc09ad0000 - 0x00007ffc09af6000 	C:\Program Files\Java\jdk-12.0.2\bin\java.dll
0x00007ffc09ab0000 - 0x00007ffc09ac7000 	C:\Program Files\Java\jdk-12.0.2\bin\zip.dll
0x00007ffc36f50000 - 0x00007ffc36f5a000 	C:\Program Files\Java\jdk-12.0.2\bin\jimage.dll
0x00007ffc3dfe0000 - 0x00007ffc3e6c5000 	C:\WINDOWS\System32\SHELL32.dll
0x00007ffc3d2e0000 - 0x00007ffc3d389000 	C:\WINDOWS\System32\shcore.dll
0x00007ffc3c890000 - 0x00007ffc3d010000 	C:\WINDOWS\System32\windows.storage.dll
0x00007ffc3bed0000 - 0x00007ffc3bef3000 	C:\WINDOWS\System32\profapi.dll
0x00007ffc3bf40000 - 0x00007ffc3bf8a000 	C:\WINDOWS\System32\powrprof.dll
0x00007ffc3bec0000 - 0x00007ffc3bed0000 	C:\WINDOWS\System32\UMPDC.dll
0x00007ffc3ef60000 - 0x00007ffc3efb2000 	C:\WINDOWS\System32\shlwapi.dll
0x00007ffc3c2e0000 - 0x00007ffc3c2f7000 	C:\WINDOWS\System32\cryptsp.dll
0x00007ffc09670000 - 0x00007ffc09689000 	C:\Program Files\Java\jdk-12.0.2\bin\net.dll
0x00007ffc30560000 - 0x00007ffc30735000 	C:\WINDOWS\SYSTEM32\urlmon.dll
0x00007ffc2d3c0000 - 0x00007ffc2d4b1000 	C:\WINDOWS\SYSTEM32\WINHTTP.dll
0x00007ffc30110000 - 0x00007ffc303b6000 	C:\WINDOWS\SYSTEM32\iertutil.dll
0x00007ffc3b900000 - 0x00007ffc3b90c000 	C:\WINDOWS\SYSTEM32\CRYPTBASE.DLL
0x00007ffc3b730000 - 0x00007ffc3b797000 	C:\WINDOWS\system32\mswsock.dll
0x00007ffc09650000 - 0x00007ffc09663000 	C:\Program Files\Java\jdk-12.0.2\bin\nio.dll
0x00007ffc38bc0000 - 0x00007ffc38be5000 	C:\Users\Asus\.gradle\native\29\windows-amd64-min\native-platform.dll

dbghelp: loaded successfully - version: 4.0.5 - missing functions: none
symbol engine: initialized successfully - sym options: 0x614 - pdb path: .;C:\Program Files\Java\jdk-12.0.2\bin;C:\WINDOWS\SYSTEM32;C:\WINDOWS\WinSxS\amd64_microsoft.windows.common-controls_6595b64144ccf1df_6.0.18362.720_none_e6beb5c51314836b;C:\Program Files\Java\jdk-12.0.2\bin\server;C:\Users\Asus\.gradle\native\29\windows-amd64-min

VM Arguments:
jvm_args: -Xmx64m -Dorg.gradle.appname=gradlew 
java_command: org.gradle.wrapper.GradleWrapperMain :Simple_Chatty_Bot-task:testClasses
java_class_path (initial): C:\Users\Asus\IdeaProjects\Simple Chatty Bot\\gradle\wrapper\gradle-wrapper.jar
Launcher Type: SUN_STANDARD

[Global flags]
     intx CICompilerCount                          = 4                                         {product} {ergonomic}
     uint ConcGCThreads                            = 2                                         {product} {ergonomic}
     uint G1ConcRefinementThreads                  = 8                                         {product} {ergonomic}
   size_t G1HeapRegionSize                         = 1048576                                   {product} {ergonomic}
    uintx GCDrainStackTargetSize                   = 64                                        {product} {ergonomic}
   size_t InitialHeapSize                          = 67108864                                  {product} {ergonomic}
   size_t MarkStackSize                            = 4194304                                   {product} {ergonomic}
   size_t MaxHeapSize                              = 67108864                                  {product} {command line}
   size_t MaxNewSize                               = 39845888                                  {product} {ergonomic}
   size_t MinHeapDeltaBytes                        = 1048576                                   {product} {ergonomic}
    uintx NonNMethodCodeHeapSize                   = 5836300                                {pd product} {ergonomic}
    uintx NonProfiledCodeHeapSize                  = 122910970                              {pd product} {ergonomic}
    uintx ProfiledCodeHeapSize                     = 122910970                              {pd product} {ergonomic}
    uintx ReservedCodeCacheSize                    = 251658240                              {pd product} {ergonomic}
     bool SegmentedCodeCache                       = true                                      {product} {ergonomic}
     bool UseCompressedClassPointers               = true                                 {lp64_product} {ergonomic}
     bool UseCompressedOops                        = true                                 {lp64_product} {ergonomic}
     bool UseG1GC                                  = true                                      {product} {ergonomic}
     bool UseLargePagesIndividualAllocation        = false                                  {pd product} {ergonomic}

Logging:
Log output configuration:
 #0: stdout all=warning uptime,level,tags
 #1: stderr all=off uptime,level,tags

Environment Variables:
JAVA_HOME=C:/Program Files/Java/jdk-12.0.2
CLASSPATH=C:\Users\Asus\IdeaProjects\Simple Chatty Bot\\gradle\wrapper\gradle-wrapper.jar
PATH=C:\Program Files (x86)\Intel\iCLS Client\;C:\Program Files\Intel\iCLS Client\;C:\Windows\system32;C:\Windows;C:\Windows\System32\Wbem;C:\Windows\System32\WindowsPowerShell\v1.0\;C:\Program Files (x86)\NVIDIA Corporation\PhysX\Common;C:\Program Files (x86)\Intel\Intel(R) Management Engine Components\DAL;C:\Program Files\Intel\Intel(R) Management Engine Components\DAL;C:\Program Files (x86)\Intel\Intel(R) Management Engine Components\IPT;C:\Program Files\Intel\Intel(R) Management Engine Components\IPT;C:\Program Files\Intel\WiFi\bin\;C:\Program Files\Common Files\Intel\WirelessCommon\;C:\WINDOWS\system32;C:\WINDOWS;C:\WINDOWS\System32\Wbem;C:\WINDOWS\System32\WindowsPowerShell\v1.0\;C:\Program Files\Git\cmd;C:\WINDOWS\System32\OpenSSH\;C:\Program Files\NVIDIA Corporation\NVIDIA NvDLISR;C:\WINDOWS\system32;C:\WINDOWS;C:\WINDOWS\System32\Wbem;C:\WINDOWS\System32\WindowsPowerShell\v1.0\;C:\WINDOWS\System32\OpenSSH\;C:\Users\Asus\AppData\Local\Microsoft\WindowsApps;C:\Program Files\Java\jdk-12.0.2\bin;
USERNAME=DEEPANSHU
OS=Windows_NT
PROCESSOR_IDENTIFIER=Intel64 Family 6 Model 158 Stepping 9, GenuineIntel



---------------  S Y S T E M  ---------------

OS: Windows 10 , 64 bit Build 18362 (10.0.18362.329)

CPU:total 8 (initial active 8) (4 cores per cpu, 2 threads per core) family 6 model 158 stepping 9, cmov, cx8, fxsr, mmx, sse, sse2, sse3, ssse3, sse4.1, sse4.2, popcnt, avx, avx2, aes, clmul, erms, 3dnowpref, lzcnt, ht, tsc, tscinvbit, bmi1, bmi2, adx, fma

Memory: 4k page, system-wide physical 8075M (1811M free)
TotalPageFile size 8075M (AvailPageFile size 19M)
current process WorkingSet (physical memory assigned to process): 68M, peak: 68M
current process commit charge ("private bytes"): 152M, peak: 152M

vm_info: Java HotSpot(TM) 64-Bit Server VM (12.0.2+10) for windows-amd64 JRE (12.0.2+10), built on Jul 16 2019 01:56:17 by "mach5one" with MS VC++ 15.5 (VS2017)

END.
