#
# There is insufficient memory for the Java Runtime Environment to continue.
# Native memory allocation (mmap) failed to map 134217728 bytes for Failed to commit area from 0x00000000e0000000 to 0x00000000e8000000 of length 134217728.
# Possible reasons:
#   The system is out of physical RAM or swap space
#   The process is running with CompressedOops enabled, and the Java Heap may be blocking the growth of the native heap
# Possible solutions:
#   Reduce memory load on the system
#   Increase physical memory or swap space
#   Check if swap backing store is full
#   Decrease Java heap size (-Xmx/-Xms)
#   Decrease number of Java threads
#   Decrease Java thread stack sizes (-Xss)
#   Set larger code cache with -XX:ReservedCodeCacheSize=
# This output file may be truncated or incomplete.
#
#  Out of Memory Error (t:/workspace/open/src/hotspot/os/windows/os_windows.cpp:3264), pid=9160, tid=1864
#
# JRE version:  (12.0.2+10) (build )
# Java VM: Java HotSpot(TM) 64-Bit Server VM (12.0.2+10, mixed mode, aot, sharing, tiered, compressed oops, g1 gc, windows-amd64)
# No core dump will be written. Minidumps are not enabled by default on client versions of Windows
#

---------------  S U M M A R Y ------------

Command Line: -Dorg.gradle.native=false -Xmx512m -Dfile.encoding=utf-8 -Duser.country=IN -Duser.language=en -Duser.variant -ea worker.org.gradle.process.internal.worker.GradleWorkerMain 'Gradle Test Executor 1'

Host: Intel(R) Core(TM) i7-7700HQ CPU @ 2.80GHz, 8 cores, 7G,  Windows 10 , 64 bit Build 18362 (10.0.18362.329)
Time: Thu Apr  9 11:20:03 2020 Bangladesh Standard Time elapsed time: 0 seconds (0d 0h 0m 0s)

---------------  T H R E A D  ---------------

Current thread (0x0000017c46a3e800):  JavaThread "Unknown thread" [_thread_in_vm, id=1864, stack(0x0000005f12700000,0x0000005f12800000)]

Stack: [0x0000005f12700000,0x0000005f12800000]
Native frames: (J=compiled Java code, j=interpreted, Vv=VM code, C=native code)
V  [jvm.dll+0x63aa2a]
V  [jvm.dll+0x78ce1e]
V  [jvm.dll+0x78e4c1]
V  [jvm.dll+0x78eb13]
V  [jvm.dll+0x2627e8]
V  [jvm.dll+0x637f5a]
V  [jvm.dll+0x62c845]
V  [jvm.dll+0x31e49c]
V  [jvm.dll+0x31e2cf]
V  [jvm.dll+0x324006]
V  [jvm.dll+0x371f56]
V  [jvm.dll+0x371720]
V  [jvm.dll+0x2f845a]
V  [jvm.dll+0x2f96d2]
V  [jvm.dll+0x767267]
V  [jvm.dll+0x7689f5]
V  [jvm.dll+0x380059]
V  [jvm.dll+0x74b794]
V  [jvm.dll+0x3ef5cd]
V  [jvm.dll+0x3f1471]
C  [jli.dll+0x51cf]
C  [ucrtbase.dll+0x20e72]
C  [KERNEL32.DLL+0x17bd4]
C  [ntdll.dll+0x6ced1]


---------------  P R O C E S S  ---------------

Threads class SMR info:
_java_thread_list=0x00007ffcd8d67928, length=0, elements={
}

Java Threads: ( => current thread )

Other Threads:
  0x0000017c46a5e000 GCTaskThread "GC Thread#0" [stack: 0x0000005f12800000,0x0000005f12900000] [id=1784]
  0x0000017c46a62800 ConcurrentGCThread "G1 Main Marker" [stack: 0x0000005f12900000,0x0000005f12a00000] [id=13488]
  0x0000017c46a65800 ConcurrentGCThread "G1 Conc#0" [stack: 0x0000005f12a00000,0x0000005f12b00000] [id=13304]

[error occurred during error reporting (printing all threads), id 0xc0000005, EXCEPTION_ACCESS_VIOLATION (0xc0000005) at pc=0x00007ffcd85985e7]

VM state:not at safepoint (not fully initialized)

VM Mutex/Monitor currently owned by a thread:  ([mutex/lock_event])
[0x0000017c46a3b510] Heap_lock - owner thread: 0x0000017c46a3e800

Heap address: 0x00000000e0000000, size: 512 MB, Compressed Oops mode: Non-zero based: 0x00000000e0000000
Narrow klass base: 0x0000000000000000, Narrow klass shift: 0

GC Heap History (0 events):
No events

Deoptimization events (0 events):
No events

Classes redefined (0 events):
No events

Internal exceptions (0 events):
No events

Events (0 events):
No events


Dynamic libraries:
0x00007ff6a63f0000 - 0x00007ff6a63ff000 	C:\Program Files\Java\jdk-12.0.2\bin\java.exe
0x00007ffd24400000 - 0x00007ffd245f0000 	C:\WINDOWS\SYSTEM32\ntdll.dll
0x00007ffd241f0000 - 0x00007ffd242a2000 	C:\WINDOWS\System32\KERNEL32.DLL
0x00007ffd214e0000 - 0x00007ffd21783000 	C:\WINDOWS\System32\KERNELBASE.dll
0x00007ffd213c0000 - 0x00007ffd214ba000 	C:\WINDOWS\System32\ucrtbase.dll
0x00007ffd02210000 - 0x00007ffd02226000 	C:\Program Files\Java\jdk-12.0.2\bin\VCRUNTIME140.dll
0x00007ffd1e000000 - 0x00007ffd1e018000 	C:\Program Files\Java\jdk-12.0.2\bin\jli.dll
0x00007ffd22ae0000 - 0x00007ffd22b83000 	C:\WINDOWS\System32\ADVAPI32.dll
0x00007ffd23640000 - 0x00007ffd236de000 	C:\WINDOWS\System32\msvcrt.dll
0x00007ffd24320000 - 0x00007ffd243b7000 	C:\WINDOWS\System32\sechost.dll
0x00007ffd22bf0000 - 0x00007ffd22d10000 	C:\WINDOWS\System32\RPCRT4.dll
0x00007ffd22890000 - 0x00007ffd22a24000 	C:\WINDOWS\System32\USER32.dll
0x00007ffd121a0000 - 0x00007ffd12425000 	C:\WINDOWS\WinSxS\amd64_microsoft.windows.common-controls_6595b64144ccf1df_6.0.18362.720_none_e6beb5c51314836b\COMCTL32.dll
0x00007ffd21d00000 - 0x00007ffd21d21000 	C:\WINDOWS\System32\win32u.dll
0x00007ffd22dc0000 - 0x00007ffd230f6000 	C:\WINDOWS\System32\combase.dll
0x00007ffd23ad0000 - 0x00007ffd23af6000 	C:\WINDOWS\System32\GDI32.dll
0x00007ffd21980000 - 0x00007ffd21a00000 	C:\WINDOWS\System32\bcryptPrimitives.dll
0x00007ffd217e0000 - 0x00007ffd21974000 	C:\WINDOWS\System32\gdi32full.dll
0x00007ffd21c00000 - 0x00007ffd21c9e000 	C:\WINDOWS\System32\msvcp_win.dll
0x00007ffd1cb70000 - 0x00007ffd1cb7a000 	C:\WINDOWS\SYSTEM32\VERSION.dll
0x00007ffd22d10000 - 0x00007ffd22d3e000 	C:\WINDOWS\System32\IMM32.DLL
0x00007ffcee360000 - 0x00007ffcee40a000 	C:\Program Files\Java\jdk-12.0.2\bin\msvcp140.dll
0x00007ffcd8290000 - 0x00007ffcd8e07000 	C:\Program Files\Java\jdk-12.0.2\bin\server\jvm.dll
0x00007ffd239d0000 - 0x00007ffd239d8000 	C:\WINDOWS\System32\PSAPI.DLL
0x00007ffd0c210000 - 0x00007ffd0c219000 	C:\WINDOWS\SYSTEM32\WSOCK32.dll
0x00007ffd1c4b0000 - 0x00007ffd1c4d4000 	C:\WINDOWS\SYSTEM32\WINMM.dll
0x00007ffd242b0000 - 0x00007ffd2431f000 	C:\WINDOWS\System32\WS2_32.dll
0x00007ffd1c480000 - 0x00007ffd1c4ad000 	C:\WINDOWS\SYSTEM32\winmmbase.dll
0x00007ffd21790000 - 0x00007ffd217da000 	C:\WINDOWS\System32\cfgmgr32.dll
0x00007ffd21320000 - 0x00007ffd21331000 	C:\WINDOWS\System32\kernel.appcore.dll
0x00007ffd000d0000 - 0x00007ffd000e1000 	C:\Program Files\Java\jdk-12.0.2\bin\verify.dll
0x00007ffd16060000 - 0x00007ffd16254000 	C:\WINDOWS\SYSTEM32\DBGHELP.DLL
0x00007ffd18750000 - 0x00007ffd1877a000 	C:\WINDOWS\SYSTEM32\dbgcore.DLL
0x00007ffcfa1c0000 - 0x00007ffcfa1e6000 	C:\Program Files\Java\jdk-12.0.2\bin\java.dll
0x00007ffcfb410000 - 0x00007ffcfb427000 	C:\Program Files\Java\jdk-12.0.2\bin\zip.dll
0x00007ffd06f70000 - 0x00007ffd06f7a000 	C:\Program Files\Java\jdk-12.0.2\bin\jimage.dll

dbghelp: loaded successfully - version: 4.0.5 - missing functions: none
symbol engine: initialized successfully - sym options: 0x614 - pdb path: .;C:\Program Files\Java\jdk-12.0.2\bin;C:\WINDOWS\SYSTEM32;C:\WINDOWS\WinSxS\amd64_microsoft.windows.common-controls_6595b64144ccf1df_6.0.18362.720_none_e6beb5c51314836b;C:\Program Files\Java\jdk-12.0.2\bin\server

VM Arguments:
jvm_args: -Dorg.gradle.native=false -Xmx512m -Dfile.encoding=utf-8 -Duser.country=IN -Duser.language=en -Duser.variant -ea 
java_command: worker.org.gradle.process.internal.worker.GradleWorkerMain 'Gradle Test Executor 1'
java_class_path (initial): C:\Users\Asus\.gradle\caches\5.3.1\workerMain\gradle-worker.jar;C:\Users\Asus\IdeaProjects\Simple Chatty Bot\Simple Chatty Bot (2)\task\build\classes\java\test;C:\Users\Asus\IdeaProjects\Simple Chatty Bot\Simple Chatty Bot (2)\task\build\resources\test;C:\Users\Asus\IdeaProjects\Simple Chatty Bot\Simple Chatty Bot (2)\task\build\classes\java\main;C:\Users\Asus\IdeaProjects\Simple Chatty Bot\Simple Chatty Bot (2)\task\build\resources\main;C:\Users\Asus\.gradle\caches\modules-2\files-2.1\com.github.hyperskill\hs-test\v6.0.1\f53c6e96c6c1da130d9d9c77cc2ce2de63a4294d\hs-test-v6.0.1.jar;C:\Users\Asus\.gradle\caches\modules-2\files-2.1\com.github.stefanbirkner\system-rules\1.19.0\d541c9a1cff0dda32e2436c74562e2e4aa6c88cd\system-rules-1.19.0.jar;C:\Users\Asus\.gradle\caches\modules-2\files-2.1\org.assertj\assertj-swing-junit\3.8.0\51a93135b0edac8f92cd67bceea6efa2e2dfa870\assertj-swing-junit-3.8.0.jar;C:\Users\Asus\.gradle\caches\modules-2\files-2.1\junit\junit\4.12\2973d150c0dc1fefe998f834810d68f278ea58ec\junit-4.12.jar;C:\Users\Asus\.gradle\caches\modules-2\files-2.1\org.hamcrest\hamcrest-core\1.3\42a25dc3219429f0e5d060061f71acb49bf010a0\hamcrest-core-1.3.jar;C:\Users\Asus\.gradle\caches\modules-2\files-2.1\org.apache.httpcomponents\httpclient\4.5.9\a25c1be5ce99d0ce99aa43eb982868c796dd0775\httpclient-4.5.9.jar;C:\Users\Asus\.gradle\caches\modules-2\files-2.1\com.google.code.gson\gson\2.8.5\f645ed69d595b24d4cf8b3fbb64cc505bede8829\gson-2.8.5.jar;C:\Users\Asus\.gradle\caches\modules-2\files-2.1\com.cedarsoftware\json-io\4.10.1\e9083dfdee4899ad2f6a83618c20ab3d7b88430b\json-io-4.10.1.jar;C:\Users\Asus\.gradle\caches\modules-2\files-2.1\com.fasterxml.jackson.core\jackson-databind\2.9.8\11283f21cc480aa86c4df7a0a3243ec508372ed2\jackson-databind-2.9.8.jar;C:\Users\Asus\.gradle\caches\modules-2\files-2.1\org.assertj\assertj-swing\3.8.0\43e985f95237bf9c5fbfa21230f30cc5e859a4fb\assertj-swing-3.8.0.jar;C:\Users\Asus\.gradle\caches\modules-2\files-2.1\org.ea
Launcher Type: SUN_STANDARD

[Global flags]
     intx CICompilerCount                          = 4                                         {product} {ergonomic}
     uint ConcGCThreads                            = 2                                         {product} {ergonomic}
     uint G1ConcRefinementThreads                  = 8                                         {product} {ergonomic}
   size_t G1HeapRegionSize                         = 1048576                                   {product} {ergonomic}
    uintx GCDrainStackTargetSize                   = 64                                        {product} {ergonomic}
   size_t InitialHeapSize                          = 134217728                                 {product} {ergonomic}
   size_t MarkStackSize                            = 4194304                                   {product} {ergonomic}
   size_t MaxHeapSize                              = 536870912                                 {product} {command line}
   size_t MinHeapDeltaBytes                        = 1048576                                   {product} {ergonomic}
    uintx NonNMethodCodeHeapSize                   = 5836300                                {pd product} {ergonomic}
    uintx NonProfiledCodeHeapSize                  = 122910970                              {pd product} {ergonomic}
    uintx ProfiledCodeHeapSize                     = 122910970                              {pd product} {ergonomic}
    uintx ReservedCodeCacheSize                    = 251658240                              {pd product} {ergonomic}
     bool SegmentedCodeCache                       = true                                      {product} {ergonomic}
     bool UseCompressedClassPointers               = true                                 {lp64_product} {ergonomic}
     bool UseCompressedOops                        = true                                 {lp64_product} {ergonomic}
     bool UseG1GC                                  = true                                      {product} {ergonomic}
     bool UseLargePagesIndividualAllocation        = false                                  {pd product} {ergonomic}

Logging:
Log output configuration:
 #0: stdout all=warning uptime,level,tags
 #1: stderr all=off uptime,level,tags

Environment Variables:
PATH=C:\Program Files (x86)\Intel\iCLS Client\;C:\Program Files\Intel\iCLS Client\;C:\Windows\system32;C:\Windows;C:\Windows\System32\Wbem;C:\Windows\System32\WindowsPowerShell\v1.0\;C:\Program Files (x86)\NVIDIA Corporation\PhysX\Common;C:\Program Files (x86)\Intel\Intel(R) Management Engine Components\DAL;C:\Program Files\Intel\Intel(R) Management Engine Components\DAL;C:\Program Files (x86)\Intel\Intel(R) Management Engine Components\IPT;C:\Program Files\Intel\Intel(R) Management Engine Components\IPT;C:\Program Files\Intel\WiFi\bin\;C:\Program Files\Common Files\Intel\WirelessCommon\;C:\WINDOWS\system32;C:\WINDOWS;C:\WINDOWS\System32\Wbem;C:\WINDOWS\System32\WindowsPowerShell\v1.0\;C:\Program Files\Git\cmd;C:\WINDOWS\System32\OpenSSH\;C:\Program Files\NVIDIA Corporation\NVIDIA NvDLISR;C:\WINDOWS\system32;C:\WINDOWS;C:\WINDOWS\System32\Wbem;C:\WINDOWS\System32\WindowsPowerShell\v1.0\;C:\WINDOWS\System32\OpenSSH\;C:\Users\Asus\AppData\Local\Microsoft\WindowsApps;C:\Program Files\Java\jdk-12.0.2\bin;
USERNAME=DEEPANSHU
OS=Windows_NT
PROCESSOR_IDENTIFIER=Intel64 Family 6 Model 158 Stepping 9, GenuineIntel



---------------  S Y S T E M  ---------------

OS: Windows 10 , 64 bit Build 18362 (10.0.18362.329)

CPU:total 8 (initial active 8) (4 cores per cpu, 2 threads per core) family 6 model 158 stepping 9, cmov, cx8, fxsr, mmx, sse, sse2, sse3, ssse3, sse4.1, sse4.2, popcnt, avx, avx2, aes, clmul, erms, 3dnowpref, lzcnt, ht, tsc, tscinvbit, bmi1, bmi2, adx, fma

Memory: 4k page, system-wide physical 8075M (1884M free)
TotalPageFile size 8075M (AvailPageFile size 32M)
current process WorkingSet (physical memory assigned to process): 9M, peak: 9M
current process commit charge ("private bytes"): 59M, peak: 187M

vm_info: Java HotSpot(TM) 64-Bit Server VM (12.0.2+10) for windows-amd64 JRE (12.0.2+10), built on Jul 16 2019 01:56:17 by "mach5one" with MS VC++ 15.5 (VS2017)

END.
